<?xml version="1.0" encoding="UTF-8"?>
<!-- Generated by org.testng.reporters.JUnitXMLReporter -->
<testsuite ignored="6" hostname="tester" failures="0" tests="3" name="Surefire test" time="540.386" errors="0" timestamp="2026-05-18T18:33:25 IST">
  <testcase classname="com.purebi.homepage.BaseTest" name="@BeforeMethod setup" time="180.112">
    <skipped/>
  </testcase> <!-- @BeforeMethod setup -->
  <testcase classname="com.purebi.homepage.BaseTest" name="@BeforeMethod setup" time="180.216">
    <skipped/>
  </testcase> <!-- @BeforeMethod setup -->
  <testcase classname="com.purebi.homepage.BaseTest" name="@BeforeMethod setup" time="180.012">
    <skipped/>
  </testcase> <!-- @BeforeMethod setup -->
  <testcase classname="com.purebi.AdvanceAlert.ModuleAlertsTest" name="moduleAlertFullFlow" time="0.0">
    <skipped/>
  </testcase> <!-- moduleAlertFullFlow -->
  <testcase classname="com.purebi.AdvanceAlert.ParameterAlertsTest" name="parameterAlertFullFlow" time="0.0">
    <skipped/>
  </testcase> <!-- parameterAlertFullFlow -->
  <testcase classname="com.purebi.AdvanceAlert.PMAlertsTest" name="pmAlertFullFlow" time="0.0">
    <skipped/>
  </testcase> <!-- pmAlertFullFlow -->
  <testcase classname="com.purebi.homepage.BaseTest" name="@AfterTest quitDriver" time="0.0">
    <ignored/>
  </testcase> <!-- @AfterTest quitDriver -->
  <testcase classname="com.purebi.homepage.BaseTest" name="@AfterSuite quitAllDrivers" time="0.0">
    <ignored/>
  </testcase> <!-- @AfterSuite quitAllDrivers -->
  <testcase classname="com.purebi.homepage.BaseTest" name="@AfterSuite quitAllDrivers" time="0.0">
    <ignored/>
  </testcase> <!-- @AfterSuite quitAllDrivers -->
  <testcase classname="com.purebi.homepage.BaseTest" name="@BeforeSuite resetDriverState" time="0.0">
    <ignored/>
  </testcase> <!-- @BeforeSuite resetDriverState -->
  <testcase classname="com.purebi.homepage.BaseTest" name="@BeforeSuite resetDriverState" time="0.0">
    <ignored/>
  </testcase> <!-- @BeforeSuite resetDriverState -->
  <testcase classname="com.purebi.homepage.BaseTest" name="@AfterTest quitDriver" time="0.0">
    <ignored/>
  </testcase> <!-- @AfterTest quitDriver -->
</testsuite> <!-- Surefire test -->
