<?xml version="1.0" encoding="UTF-8"?>
<!-- Generated by org.testng.reporters.JUnitXMLReporter -->
<testsuite ignored="0" hostname="tester" failures="0" tests="1" name="Surefire test" time="180.188" errors="0" timestamp="2026-05-20T18:06:27 IST">
  <testcase classname="com.purebi.homepage.BaseTest" name="@BeforeMethod setup" time="180.084">
    <skipped/>
  </testcase> <!-- @BeforeMethod setup -->
  <testcase classname="com.purebi.SpecialReports.SpecialReportsTest" name="lifecycleAllReports" time="0.001">
    <skipped/>
  </testcase> <!-- lifecycleAllReports -->
</testsuite> <!-- Surefire test -->
