<?xml version="1.0" encoding="UTF-8"?>
<!-- Generated by org.testng.reporters.JUnitXMLReporter -->
<testsuite ignored="3" hostname="tester" failures="0" tests="2" name="Browser 3 - Plant Settings" time="430.457" errors="0" timestamp="2026-05-20T12:07:08 IST">
  <testcase classname="com.purebi.PlantSettings.PlantSettingsTest" name="plantSettingsTest" time="220.385"/>
  <testcase classname="com.purebi.PlantSettings.RevertPlantSettingsTest" name="revertPlantSettings" time="145.197"/>
  <testcase classname="com.purebi.homepage.BaseTest" name="@AfterSuite quitAllDrivers" time="0.0">
    <ignored/>
  </testcase> <!-- @AfterSuite quitAllDrivers -->
  <testcase classname="com.purebi.homepage.BaseTest" name="@AfterTest quitDriver" time="0.0">
    <ignored/>
  </testcase> <!-- @AfterTest quitDriver -->
  <testcase classname="com.purebi.homepage.BaseTest" name="@BeforeSuite resetDriverState" time="0.0">
    <ignored/>
  </testcase> <!-- @BeforeSuite resetDriverState -->
</testsuite> <!-- Browser 3 - Plant Settings -->
