<?xml version="1.0" encoding="UTF-8"?>
<!-- Generated by org.testng.reporters.JUnitXMLReporter -->
<testsuite ignored="0" hostname="tester" failures="1" tests="1" name="Browser 6 - Special Reports" time="277.22" errors="0" timestamp="2026-05-18T18:15:14 IST">
  <testcase classname="com.purebi.SpecialReports.SpecialReportsTest" name="lifecycleAllReports" time="266.011">
    <failure type="java.lang.AssertionError" message="One or more report types failed. Check emailable-report.html for details.">
      <![CDATA[java.lang.AssertionError: One or more report types failed. Check emailable-report.html for details.
at com.purebi.SpecialReports.SpecialReportsTest.lifecycleAllReports(SpecialReportsTest.java:144)
at java.base/java.util.ArrayList.forEach(ArrayList.java:1604)
at java.base/java.util.concurrent.FutureTask.run(FutureTask.java:328)
at java.base/java.util.concurrent.ThreadPoolExecutor.runWorker(ThreadPoolExecutor.java:1090)
at java.base/java.util.concurrent.ThreadPoolExecutor$Worker.run(ThreadPoolExecutor.java:614)
at java.base/java.lang.Thread.run(Thread.java:1474)
... Removed 16 stack frames]]>
    </failure>
  </testcase> <!-- lifecycleAllReports -->
</testsuite> <!-- Browser 6 - Special Reports -->
