<?xml version="1.0" encoding="UTF-8"?>
<!-- Generated by org.testng.reporters.JUnitXMLReporter -->
<testsuite ignored="21" hostname="tester" failures="0" tests="8" name="Browser 2 - Home Dashboard" time="156.322" errors="0" timestamp="2026-05-22T11:01:03 IST">
  <testcase classname="com.purebi.homepage.DashboardRefreshTest" name="dashboardRefreshAndNotificationTest" time="71.322"/>
  <testcase classname="com.purebi.homepage.OpexDashboardChartTest" name="opexDashboardChartDataCheck" time="0.077"/>
  <testcase classname="com.purebi.homepage.OpexDashboardTest" name="opexModuleDashboardNavigationAndValidation" time="22.66"/>
  <testcase classname="com.purebi.homepage.GaugeTest" name="gaugeEchartCanvasPresenceAfterOpex" time="0.574"/>
  <testcase classname="com.purebi.homepage.ProcessDashboardModuleStoreTest" name="processDashboardModuleStoreCheck" time="1.089"/>
  <testcase classname="com.purebi.homepage.SpecialReportPage" name="specialReportPageTest" time="0.896"/>
  <testcase classname="com.purebi.homepage.SpecialReportsDashboardTest" name="specialReportsDashboardCheck" time="0.964"/>
  <testcase classname="com.purebi.homepage.UserTest" name="userSettingsPresence" time="4.043"/>
  <testcase classname="com.purebi.homepage.BaseTest" name="@BeforeSuite resetDriverState" time="0.0">
    <ignored/>
  </testcase> <!-- @BeforeSuite resetDriverState -->
  <testcase classname="com.purebi.homepage.BaseTest" name="@AfterTest quitDriver" time="0.0">
    <ignored/>
  </testcase> <!-- @AfterTest quitDriver -->
  <testcase classname="com.purebi.homepage.BaseTest" name="@AfterSuite quitAllDrivers" time="0.0">
    <ignored/>
  </testcase> <!-- @AfterSuite quitAllDrivers -->
  <testcase classname="com.purebi.homepage.BaseTest" name="@AfterTest quitDriver" time="0.0">
    <ignored/>
  </testcase> <!-- @AfterTest quitDriver -->
  <testcase classname="com.purebi.homepage.BaseTest" name="@AfterSuite quitAllDrivers" time="0.0">
    <ignored/>
  </testcase> <!-- @AfterSuite quitAllDrivers -->
  <testcase classname="com.purebi.homepage.BaseTest" name="@BeforeSuite resetDriverState" time="0.0">
    <ignored/>
  </testcase> <!-- @BeforeSuite resetDriverState -->
  <testcase classname="com.purebi.homepage.BaseTest" name="@AfterTest quitDriver" time="0.0">
    <ignored/>
  </testcase> <!-- @AfterTest quitDriver -->
  <testcase classname="com.purebi.homepage.BaseTest" name="@AfterSuite quitAllDrivers" time="0.0">
    <ignored/>
  </testcase> <!-- @AfterSuite quitAllDrivers -->
  <testcase classname="com.purebi.homepage.BaseTest" name="@AfterSuite quitAllDrivers" time="0.0">
    <ignored/>
  </testcase> <!-- @AfterSuite quitAllDrivers -->
  <testcase classname="com.purebi.homepage.BaseTest" name="@BeforeSuite resetDriverState" time="0.0">
    <ignored/>
  </testcase> <!-- @BeforeSuite resetDriverState -->
  <testcase classname="com.purebi.homepage.BaseTest" name="@AfterTest quitDriver" time="0.0">
    <ignored/>
  </testcase> <!-- @AfterTest quitDriver -->
  <testcase classname="com.purebi.homepage.BaseTest" name="@AfterSuite quitAllDrivers" time="0.0">
    <ignored/>
  </testcase> <!-- @AfterSuite quitAllDrivers -->
  <testcase classname="com.purebi.homepage.BaseTest" name="@BeforeSuite resetDriverState" time="0.0">
    <ignored/>
  </testcase> <!-- @BeforeSuite resetDriverState -->
  <testcase classname="com.purebi.homepage.BaseTest" name="@BeforeSuite resetDriverState" time="0.0">
    <ignored/>
  </testcase> <!-- @BeforeSuite resetDriverState -->
  <testcase classname="com.purebi.homepage.BaseTest" name="@AfterSuite quitAllDrivers" time="0.0">
    <ignored/>
  </testcase> <!-- @AfterSuite quitAllDrivers -->
  <testcase classname="com.purebi.homepage.BaseTest" name="@BeforeSuite resetDriverState" time="0.0">
    <ignored/>
  </testcase> <!-- @BeforeSuite resetDriverState -->
  <testcase classname="com.purebi.homepage.BaseTest" name="@AfterTest quitDriver" time="0.0">
    <ignored/>
  </testcase> <!-- @AfterTest quitDriver -->
  <testcase classname="com.purebi.homepage.BaseTest" name="@BeforeSuite resetDriverState" time="0.0">
    <ignored/>
  </testcase> <!-- @BeforeSuite resetDriverState -->
  <testcase classname="com.purebi.homepage.BaseTest" name="@AfterSuite quitAllDrivers" time="0.0">
    <ignored/>
  </testcase> <!-- @AfterSuite quitAllDrivers -->
  <testcase classname="com.purebi.homepage.BaseTest" name="@AfterTest quitDriver" time="0.0">
    <ignored/>
  </testcase> <!-- @AfterTest quitDriver -->
  <testcase classname="com.purebi.homepage.BaseTest" name="@AfterTest quitDriver" time="0.0">
    <ignored/>
  </testcase> <!-- @AfterTest quitDriver -->
</testsuite> <!-- Browser 2 - Home Dashboard -->
