<?xml version="1.0" encoding="UTF-8"?>
<!-- Generated by org.testng.reporters.JUnitXMLReporter -->
<testsuite ignored="6" hostname="tester" failures="1" tests="3" name="Browser 5 - User Management" time="63.495" errors="0" timestamp="2026-06-09T15:21:59 IST">
  <testcase classname="com.purebi.User.UserCreate" name="createSiteUserFromExcel" time="11.97">
    <failure type="java.lang.AssertionError" message="Exception creating user: element click intercepted: Element &amp;lt;button _ngcontent-ng-c3113716814=&amp;quot;&amp;quot; type=&amp;quot;submit&amp;quot; class=&amp;quot;btn btn-sm me-1 btn-add-site-user&amp;quot;&amp;gt;...&amp;lt;/button&amp;gt; is not clickable at point (1047, 649). Other element would receive the click: &amp;lt;div _ngcontent-ng-c2269823470=&amp;quot;&amp;quot; role=&amp;quot;dialog&amp;quot; aria-live=&amp;quot;polite&amp;quot; aria-label=&amp;quot;Cookie consent&amp;quot; class=&amp;quot;cookie-consent ng-star-inserted&amp;quot;&amp;gt;...&amp;lt;/div&amp;gt;
  (Session info: chrome=148.0.7778.217)
Build info: version: &amp;apos;4.44.0&amp;apos;, revision: &amp;apos;da2039b&amp;apos;
System info: os.name: &amp;apos;Windows 11&amp;apos;, os.arch: &amp;apos;amd64&amp;apos;, os.version: &amp;apos;10.0&amp;apos;, java.version: &amp;apos;25.0.1&amp;apos;
Driver info: org.openqa.selenium.chrome.ChromeDriver
Command: [04b782aa58431274e67f4a765b12703b, clickElement {id=f.7BD9095F6FF77D799249FA9E0C68FEED.d.2D81D7F7EDF7998719EA7A92D9275ACA.e.932}]
Capabilities {acceptInsecureCerts: false, browserName: chrome, browserVersion: 148.0.7778.217, chrome: {chromedriverVersion: 148.0.7778.178 (d096af1c9e9..., userDataDir: C:\Users\nawaz\AppData\Loca...}, fedcm:accounts: true, goog:chromeOptions: {debuggerAddress: localhost:61212}, goog:processID: 20252, networkConnectionEnabled: false, pageLoadStrategy: normal, platformName: windows, proxy: Proxy(), se:cdp: ws://localhost:61212/devtoo..., se:cdpVersion: 148.0.7778.217, setWindowRect: true, strictFileInteractability: false, timeouts: {implicit: 0, pageLoad: 300000, script: 30000}, unhandledPromptBehavior: dismiss and notify, webauthn:extension:credBlob: true, webauthn:extension:largeBlob: true, webauthn:extension:minPinLength: true, webauthn:extension:prf: true, webauthn:virtualAuthenticators: true}
Element: [[ChromeDriver: chrome on windows (04b782aa58431274e67f4a765b12703b)] -&amp;gt; xpath: //button[normalize-space()=&amp;apos;Save&amp;apos;]]
Session ID: 04b782aa58431274e67f4a765b12703b">
      <![CDATA[java.lang.AssertionError: Exception creating user: element click intercepted: Element <button _ngcontent-ng-c3113716814="" type="submit" class="btn btn-sm me-1 btn-add-site-user">...</button> is not clickable at point (1047, 649). Other element would receive the click: <div _ngcontent-ng-c2269823470="" role="dialog" aria-live="polite" aria-label="Cookie consent" class="cookie-consent ng-star-inserted">...</div>
  (Session info: chrome=148.0.7778.217)
Build info: version: '4.44.0', revision: 'da2039b'
System info: os.name: 'Windows 11', os.arch: 'amd64', os.version: '10.0', java.version: '25.0.1'
Driver info: org.openqa.selenium.chrome.ChromeDriver
Command: [04b782aa58431274e67f4a765b12703b, clickElement {id=f.7BD9095F6FF77D799249FA9E0C68FEED.d.2D81D7F7EDF7998719EA7A92D9275ACA.e.932}]
Capabilities {acceptInsecureCerts: false, browserName: chrome, browserVersion: 148.0.7778.217, chrome: {chromedriverVersion: 148.0.7778.178 (d096af1c9e9..., userDataDir: C:\Users\nawaz\AppData\Loca...}, fedcm:accounts: true, goog:chromeOptions: {debuggerAddress: localhost:61212}, goog:processID: 20252, networkConnectionEnabled: false, pageLoadStrategy: normal, platformName: windows, proxy: Proxy(), se:cdp: ws://localhost:61212/devtoo..., se:cdpVersion: 148.0.7778.217, setWindowRect: true, strictFileInteractability: false, timeouts: {implicit: 0, pageLoad: 300000, script: 30000}, unhandledPromptBehavior: dismiss and notify, webauthn:extension:credBlob: true, webauthn:extension:largeBlob: true, webauthn:extension:minPinLength: true, webauthn:extension:prf: true, webauthn:virtualAuthenticators: true}
Element: [[ChromeDriver: chrome on windows (04b782aa58431274e67f4a765b12703b)] -> xpath: //button[normalize-space()='Save']]
Session ID: 04b782aa58431274e67f4a765b12703b
at com.purebi.User.UserCreate.createSiteUserFromExcel(UserCreate.java:191)
at java.base/java.util.ArrayList.forEach(ArrayList.java:1604)
at java.base/java.util.concurrent.FutureTask.run(FutureTask.java:328)
at java.base/java.util.concurrent.ThreadPoolExecutor.runWorker(ThreadPoolExecutor.java:1090)
at java.base/java.util.concurrent.ThreadPoolExecutor$Worker.run(ThreadPoolExecutor.java:614)
at java.base/java.lang.Thread.run(Thread.java:1474)
... Removed 16 stack frames]]>
    </failure>
  </testcase> <!-- createSiteUserFromExcel -->
  <testcase classname="com.purebi.User.EditUserTest" name="editUserFromExcel" time="0.005">
    <skipped/>
  </testcase> <!-- editUserFromExcel -->
  <testcase classname="com.purebi.User.DeleteUserTest" name="deleteUserByEmail" time="0.0">
    <skipped/>
  </testcase> <!-- deleteUserByEmail -->
  <testcase classname="com.purebi.homepage.BaseTest" name="@AfterTest quitDriver" time="0.0">
    <ignored/>
  </testcase> <!-- @AfterTest quitDriver -->
  <testcase classname="com.purebi.homepage.BaseTest" name="@AfterSuite quitAllDrivers" time="0.0">
    <ignored/>
  </testcase> <!-- @AfterSuite quitAllDrivers -->
  <testcase classname="com.purebi.homepage.BaseTest" name="@BeforeSuite resetDriverState" time="0.0">
    <ignored/>
  </testcase> <!-- @BeforeSuite resetDriverState -->
  <testcase classname="com.purebi.homepage.BaseTest" name="@AfterSuite quitAllDrivers" time="0.0">
    <ignored/>
  </testcase> <!-- @AfterSuite quitAllDrivers -->
  <testcase classname="com.purebi.homepage.BaseTest" name="@AfterTest quitDriver" time="0.0">
    <ignored/>
  </testcase> <!-- @AfterTest quitDriver -->
  <testcase classname="com.purebi.homepage.BaseTest" name="@BeforeSuite resetDriverState" time="0.0">
    <ignored/>
  </testcase> <!-- @BeforeSuite resetDriverState -->
</testsuite> <!-- Browser 5 - User Management -->
