<?xml version="1.0" encoding="UTF-8"?>
<!-- Generated by org.testng.reporters.JUnitXMLReporter -->
<testsuite ignored="21" hostname="tester" failures="0" tests="8" name="Browser 4 - Home Dashboard" time="164.966" errors="0" timestamp="2026-05-18T18:12:18 IST">
  <testcase classname="com.purebi.homepage.DashboardRefreshTest" name="dashboardRefreshAndNotificationTest" time="71.33"/>
  <testcase classname="com.purebi.homepage.OpexDashboardChartTest" name="opexDashboardChartDataCheck" time="0.044"/>
  <testcase classname="com.purebi.homepage.OpexDashboardTest" name="opexModuleDashboardNavigationAndValidation" time="23.77"/>
  <testcase classname="com.purebi.homepage.GaugeTest" name="gaugeEchartCanvasPresenceAfterOpex" time="0.643"/>
  <testcase classname="com.purebi.homepage.ProcessDashboardModuleStoreTest" name="processDashboardModuleStoreCheck" time="1.309"/>
  <testcase classname="com.purebi.homepage.SpecialReportPage" name="specialReportPageTest" time="0.577"/>
  <testcase classname="com.purebi.homepage.SpecialReportsDashboardTest" name="specialReportsDashboardCheck" time="0.602"/>
  <testcase classname="com.purebi.homepage.UserTest" name="userSettingsPresence" time="4.101"/>
  <testcase classname="com.purebi.homepage.BaseTest" name="@BeforeSuite resetDriverState" time="0.0">
    <ignored/>
  </testcase> <!-- @BeforeSuite resetDriverState -->
  <testcase classname="com.purebi.homepage.BaseTest" name="@AfterSuite quitAllDrivers" time="0.0">
    <ignored/>
  </testcase> <!-- @AfterSuite quitAllDrivers -->
  <testcase classname="com.purebi.homepage.BaseTest" name="@BeforeSuite resetDriverState" time="0.0">
    <ignored/>
  </testcase> <!-- @BeforeSuite resetDriverState -->
  <testcase classname="com.purebi.homepage.BaseTest" name="@AfterTest quitDriver" time="0.0">
    <ignored/>
  </testcase> <!-- @AfterTest quitDriver -->
  <testcase classname="com.purebi.homepage.BaseTest" name="@AfterTest quitDriver" time="0.0">
    <ignored/>
  </testcase> <!-- @AfterTest quitDriver -->
  <testcase classname="com.purebi.homepage.BaseTest" name="@BeforeSuite resetDriverState" time="0.0">
    <ignored/>
  </testcase> <!-- @BeforeSuite resetDriverState -->
  <testcase classname="com.purebi.homepage.BaseTest" name="@AfterTest quitDriver" time="0.0">
    <ignored/>
  </testcase> <!-- @AfterTest quitDriver -->
  <testcase classname="com.purebi.homepage.BaseTest" name="@BeforeSuite resetDriverState" time="0.0">
    <ignored/>
  </testcase> <!-- @BeforeSuite resetDriverState -->
  <testcase classname="com.purebi.homepage.BaseTest" name="@AfterTest quitDriver" time="0.0">
    <ignored/>
  </testcase> <!-- @AfterTest quitDriver -->
  <testcase classname="com.purebi.homepage.BaseTest" name="@AfterSuite quitAllDrivers" time="0.0">
    <ignored/>
  </testcase> <!-- @AfterSuite quitAllDrivers -->
  <testcase classname="com.purebi.homepage.BaseTest" name="@BeforeSuite resetDriverState" time="0.0">
    <ignored/>
  </testcase> <!-- @BeforeSuite resetDriverState -->
  <testcase classname="com.purebi.homepage.BaseTest" name="@AfterSuite quitAllDrivers" time="0.0">
    <ignored/>
  </testcase> <!-- @AfterSuite quitAllDrivers -->
  <testcase classname="com.purebi.homepage.BaseTest" name="@AfterTest quitDriver" time="0.0">
    <ignored/>
  </testcase> <!-- @AfterTest quitDriver -->
  <testcase classname="com.purebi.homepage.BaseTest" name="@AfterSuite quitAllDrivers" time="0.0">
    <ignored/>
  </testcase> <!-- @AfterSuite quitAllDrivers -->
  <testcase classname="com.purebi.homepage.BaseTest" name="@AfterTest quitDriver" time="0.0">
    <ignored/>
  </testcase> <!-- @AfterTest quitDriver -->
  <testcase classname="com.purebi.homepage.BaseTest" name="@AfterSuite quitAllDrivers" time="0.0">
    <ignored/>
  </testcase> <!-- @AfterSuite quitAllDrivers -->
  <testcase classname="com.purebi.homepage.BaseTest" name="@AfterSuite quitAllDrivers" time="0.0">
    <ignored/>
  </testcase> <!-- @AfterSuite quitAllDrivers -->
  <testcase classname="com.purebi.homepage.BaseTest" name="@BeforeSuite resetDriverState" time="0.0">
    <ignored/>
  </testcase> <!-- @BeforeSuite resetDriverState -->
  <testcase classname="com.purebi.homepage.BaseTest" name="@BeforeSuite resetDriverState" time="0.0">
    <ignored/>
  </testcase> <!-- @BeforeSuite resetDriverState -->
  <testcase classname="com.purebi.homepage.BaseTest" name="@AfterTest quitDriver" time="0.0">
    <ignored/>
  </testcase> <!-- @AfterTest quitDriver -->
  <testcase classname="com.purebi.homepage.BaseTest" name="@AfterSuite quitAllDrivers" time="0.0">
    <ignored/>
  </testcase> <!-- @AfterSuite quitAllDrivers -->
</testsuite> <!-- Browser 4 - Home Dashboard -->
