<?xml version="1.0" encoding="UTF-8"?>
<!-- Generated by org.testng.reporters.JUnitXMLReporter -->
<testsuite ignored="6" hostname="tester" failures="1" tests="3" name="Browser 7 - User Management" time="48.233" errors="0" timestamp="2026-05-18T18:11:26 IST">
  <testcase classname="com.purebi.User.UserCreate" name="createSiteUserFromExcel" time="7.48">
    <failure type="java.lang.AssertionError" message="Unexpected toast message: Entered email id is already registered">
      <![CDATA[java.lang.AssertionError: Unexpected toast message: Entered email id is already registered
at com.purebi.User.UserCreate.createSiteUserFromExcel(UserCreate.java:183)
at java.base/java.util.ArrayList.forEach(ArrayList.java:1604)
at java.base/java.util.concurrent.FutureTask.run(FutureTask.java:328)
at java.base/java.util.concurrent.ThreadPoolExecutor.runWorker(ThreadPoolExecutor.java:1090)
at java.base/java.util.concurrent.ThreadPoolExecutor$Worker.run(ThreadPoolExecutor.java:614)
at java.base/java.lang.Thread.run(Thread.java:1474)
... Removed 16 stack frames]]>
    </failure>
  </testcase> <!-- createSiteUserFromExcel -->
  <testcase classname="com.purebi.User.EditUserTest" name="editUserFromExcel" time="0.0">
    <skipped/>
  </testcase> <!-- editUserFromExcel -->
  <testcase classname="com.purebi.User.DeleteUserTest" name="deleteUserByEmail" time="0.0">
    <skipped/>
  </testcase> <!-- deleteUserByEmail -->
  <testcase classname="com.purebi.homepage.BaseTest" name="@BeforeSuite resetDriverState" time="0.0">
    <ignored/>
  </testcase> <!-- @BeforeSuite resetDriverState -->
  <testcase classname="com.purebi.homepage.BaseTest" name="@AfterTest quitDriver" time="0.0">
    <ignored/>
  </testcase> <!-- @AfterTest quitDriver -->
  <testcase classname="com.purebi.homepage.BaseTest" name="@AfterTest quitDriver" time="0.0">
    <ignored/>
  </testcase> <!-- @AfterTest quitDriver -->
  <testcase classname="com.purebi.homepage.BaseTest" name="@AfterSuite quitAllDrivers" time="0.0">
    <ignored/>
  </testcase> <!-- @AfterSuite quitAllDrivers -->
  <testcase classname="com.purebi.homepage.BaseTest" name="@BeforeSuite resetDriverState" time="0.0">
    <ignored/>
  </testcase> <!-- @BeforeSuite resetDriverState -->
  <testcase classname="com.purebi.homepage.BaseTest" name="@AfterSuite quitAllDrivers" time="0.0">
    <ignored/>
  </testcase> <!-- @AfterSuite quitAllDrivers -->
</testsuite> <!-- Browser 7 - User Management -->
