<?xml version="1.0" encoding="UTF-8"?>
<!-- Generated by org.testng.reporters.JUnitXMLReporter -->
<testsuite ignored="0" hostname="tester" failures="1" tests="1" name="Browser 1 - Module Alerts" time="65.132" errors="0" timestamp="2026-05-18T18:10:38 IST">
  <testcase classname="com.purebi.AdvanceAlert.ModuleAlertsTest" name="moduleAlertFullFlow" time="10.871">
    <failure type="java.lang.AssertionError" message="Exception during Module Alert flow: Cannot locate option with text: Module Alert
For documentation on this error, please visit: https://www.selenium.dev/documentation/webdriver/troubleshooting/errors#no-such-element-exception
Build info: version: &amp;apos;4.25.0&amp;apos;, revision: &amp;apos;8a8aea2337&amp;apos;
System info: os.name: &amp;apos;Windows 11&amp;apos;, os.arch: &amp;apos;amd64&amp;apos;, os.version: &amp;apos;10.0&amp;apos;, java.version: &amp;apos;25.0.1&amp;apos;
Driver info: driver.version: unknown">
      <![CDATA[java.lang.AssertionError: Exception during Module Alert flow: Cannot locate option with text: Module Alert
For documentation on this error, please visit: https://www.selenium.dev/documentation/webdriver/troubleshooting/errors#no-such-element-exception
Build info: version: '4.25.0', revision: '8a8aea2337'
System info: os.name: 'Windows 11', os.arch: 'amd64', os.version: '10.0', java.version: '25.0.1'
Driver info: driver.version: unknown
at com.purebi.AdvanceAlert.ModuleAlertsTest.moduleAlertFullFlow(ModuleAlertsTest.java:191)
at java.base/java.util.ArrayList.forEach(ArrayList.java:1604)
at java.base/java.util.concurrent.FutureTask.run(FutureTask.java:328)
at java.base/java.util.concurrent.ThreadPoolExecutor.runWorker(ThreadPoolExecutor.java:1090)
at java.base/java.util.concurrent.ThreadPoolExecutor$Worker.run(ThreadPoolExecutor.java:614)
at java.base/java.lang.Thread.run(Thread.java:1474)
... Removed 16 stack frames]]>
    </failure>
  </testcase> <!-- moduleAlertFullFlow -->
</testsuite> <!-- Browser 1 - Module Alerts -->
