<?xml version="1.0" encoding="UTF-8"?>
<!-- Generated by org.testng.reporters.JUnitXMLReporter -->
<testsuite ignored="6" hostname="tester" failures="0" tests="3" name="Browser 1 - Advanced Alerts" time="120.743" errors="0" timestamp="2026-06-09T15:22:21 IST">
  <testcase classname="com.purebi.AdvanceAlert.ModuleAlertsTest" name="moduleAlertFullFlow" time="25.146"/>
  <testcase classname="com.purebi.AdvanceAlert.ParameterAlertsTest" name="parameterAlertFullFlow" time="23.213"/>
  <testcase classname="com.purebi.AdvanceAlert.PMAlertsTest" name="pmAlertFullFlow" time="19.927"/>
  <testcase classname="com.purebi.homepage.BaseTest" name="@AfterSuite quitAllDrivers" time="0.0">
    <ignored/>
  </testcase> <!-- @AfterSuite quitAllDrivers -->
  <testcase classname="com.purebi.homepage.BaseTest" name="@AfterTest quitDriver" time="0.0">
    <ignored/>
  </testcase> <!-- @AfterTest quitDriver -->
  <testcase classname="com.purebi.homepage.BaseTest" name="@BeforeSuite resetDriverState" time="0.0">
    <ignored/>
  </testcase> <!-- @BeforeSuite resetDriverState -->
  <testcase classname="com.purebi.homepage.BaseTest" name="@AfterSuite quitAllDrivers" time="0.0">
    <ignored/>
  </testcase> <!-- @AfterSuite quitAllDrivers -->
  <testcase classname="com.purebi.homepage.BaseTest" name="@AfterTest quitDriver" time="0.0">
    <ignored/>
  </testcase> <!-- @AfterTest quitDriver -->
  <testcase classname="com.purebi.homepage.BaseTest" name="@BeforeSuite resetDriverState" time="0.0">
    <ignored/>
  </testcase> <!-- @BeforeSuite resetDriverState -->
</testsuite> <!-- Browser 1 - Advanced Alerts -->
