<?xml version="1.0" encoding="UTF-8"?>
<testsuite xmlns:xsi="http://www.w3.org/2001/XMLSchema-instance" xsi:noNamespaceSchemaLocation="https://maven.apache.org/surefire/maven-surefire-plugin/xsd/surefire-test-report-3.0.xsd" version="3.0" name="TestSuite" time="542.989" tests="18" errors="0" skipped="0" failures="0">
  <properties>
[...]
</properties>
  <testcase name="loginTest" classname="com.purebi.homepage.LoginTest" time="14.095">
    <system-out><![CDATA[Running tests on: https://test.pure.bi | headless=false
✅ Login successful. PLANT SETTINGS is visible.
Login succeeded — tests will run.
]]></system-out>
    <system-err><![CDATA[SLF4J: Failed to load class "org.slf4j.impl.StaticLoggerBinder".
SLF4J: Defaulting to no-operation (NOP) logger implementation
SLF4J: See http://www.slf4j.org/codes.html#StaticLoggerBinder for further details.
May 21, 2026 2:20:34 PM org.openqa.selenium.devtools.CdpVersionFinder findNearestMatch
WARNING: Unable to find CDP implementation matching 148
May 21, 2026 2:20:34 PM org.openqa.selenium.chromium.ChromiumDriver lambda$new$5
WARNING: Unable to find version of CDP to use for 148.0.7778.169. You may need to include a dependency on a specific version of the CDP using something similar to `org.seleniumhq.selenium:selenium-devtools-v86:4.25.0` where the version ("v86") matches the version of the chromium-based browser you're using and the version number of the artifact is the same as Selenium's.
]]></system-err>
  </testcase>
  <testcase name="moduleAlertFullFlow" classname="com.purebi.AdvanceAlert.ModuleAlertsTest" time="17.107">
    <system-out><![CDATA[Running tests on: https://test.pure.bi | headless=false
Running tests on: https://test.pure.bi | headless=false
Running tests on: https://test.pure.bi | headless=false
Running tests on: https://test.pure.bi | headless=false
Authenticated browser ready for tests on: https://test.pure.bi
Report Type - Bar
Authenticated browser ready for tests on: https://test.pure.bi
Authenticated browser ready for tests on: https://test.pure.bi
Old Updated On text: Updated On : 21-05-2026 13:32:34
Authenticated browser ready for tests on: https://test.pure.bi
STEP 0: Go to Home
STEP 1: Navigate to Plant Customization
Clicked dashboard Refresh button.
STEP 1 — Navigation: Clicking Home logo
Polling Updated On: Updated On : 21-05-2026 13:32:34
STEP 2: Wait 60 seconds
Clicked: Home logo
Polling Updated On: Updated On : 21-05-2026 13:32:34
Polling Updated On: Updated On : 21-05-2026 13:32:34
Hovered on PLANT SETTINGS.
Polling Updated On: Updated On : 21-05-2026 13:32:34
Polling Updated On: Updated On : 21-05-2026 13:32:34
Running tests on: https://test.pure.bi | headless=false
Polling Updated On: Updated On : 21-05-2026 13:32:34
Polling Updated On: Updated On : 21-05-2026 13:32:34
Hovered on PLANT SETTINGS again.
Clicked ADVANCED ALERTS.
Advanced Alerts page loaded.
STEP 2 — Create Module Alert: Opening create modal
Polling Updated On: Updated On : 21-05-2026 13:32:34
Polling Updated On: Updated On : 21-05-2026 13:32:34
Polling Updated On: Updated On : 21-05-2026 13:32:34
Polling Updated On: Updated On : 21-05-2026 13:32:34
Clicked: CREATE NEW ALERT
Create modal visible.
Selecting Module Alert type...
Polling Updated On: Updated On : 21-05-2026 13:32:34
Alert Type Option: 'PM Alert'
Alert Type Option: 'Module Alert'
Alert Type Option: 'Parameter Alert'
Alert Type Option: 'AI Alert'
Layout 10 selected successfully
Polling Updated On: Updated On : 21-05-2026 13:32:34
Selected Alert Type: Module Alert
Polling Updated On: Updated On : 21-05-2026 13:32:34
Entered alert name: Module Alert Test
Polling Updated On: Updated On : 21-05-2026 13:32:34
Selected 'RO-3' on By.xpath: //select[@formcontrolname='module']
Selected 'Greater (>)' on By.xpath: //select[@formcontrolname='conditions']
Selected 'Site Admin' on By.xpath: //select[@formcontrolname='assignto']
Polling Updated On: Updated On : 21-05-2026 13:32:34
Entered score: 70
📸 Screenshot saved: C:\Users\nawaz\OneDrive\Desktop\automation_testing\target\surefire-reports\screenshots\module_alert_before_save_20260521_142124.png
Screenshot saved: screenshots/module_alert_before_save_20260521_142124.png
Clicked: Save alert
Clicked Save.
Polling Updated On: Updated On : 21-05-2026 13:32:34
Toast: Added successfully visible.
STEP 11 — Validate Alert Exists: Reopening Advanced Alerts.
Polling Updated On: Updated On : 21-05-2026 13:32:34
Polling Updated On: Updated On : 21-05-2026 13:32:34
Polling Updated On: Updated On : 21-05-2026 13:32:34
Polling Updated On: Updated On : 21-05-2026 13:32:34
Polling Updated On: Updated On : 21-05-2026 13:32:34
Clicked: Module Alert tab
Polling Updated On: Updated On : 21-05-2026 13:32:34
Module Alert row found in AG Grid.
STEP 12 — Delete Alert: Clicking delete icon on row.
Polling Updated On: Updated On : 21-05-2026 13:32:34
Polling Updated On: Updated On : 21-05-2026 13:32:34
Clicked: Delete icon
Clicked: Popup DELETE button
Polling Updated On: Updated On : 21-05-2026 13:32:34
STEP 15 — Validate Deletion: Ensuring row no longer exists.
Polling Updated On: Updated On : 21-05-2026 13:32:34
Polling Updated On: Updated On : 21-05-2026 13:32:34
Polling Updated On: Updated On : 21-05-2026 13:32:34
Polling Updated On: Updated On : 21-05-2026 13:32:34
Module Alert flow completed successfully.
]]></system-out>
    <system-err><![CDATA[May 21, 2026 2:20:54 PM org.openqa.selenium.devtools.CdpVersionFinder findNearestMatch
WARNING: Unable to find CDP implementation matching 148
May 21, 2026 2:20:54 PM org.openqa.selenium.chromium.ChromiumDriver lambda$new$5
WARNING: Unable to find version of CDP to use for 148.0.7778.169. You may need to include a dependency on a specific version of the CDP using something similar to `org.seleniumhq.selenium:selenium-devtools-v86:4.25.0` where the version ("v86") matches the version of the chromium-based browser you're using and the version number of the artifact is the same as Selenium's.
May 21, 2026 2:20:54 PM org.openqa.selenium.devtools.CdpVersionFinder findNearestMatch
WARNING: Unable to find CDP implementation matching 148
May 21, 2026 2:20:54 PM org.openqa.selenium.chromium.ChromiumDriver lambda$new$5
WARNING: Unable to find version of CDP to use for 148.0.7778.169. You may need to include a dependency on a specific version of the CDP using something similar to `org.seleniumhq.selenium:selenium-devtools-v86:4.25.0` where the version ("v86") matches the version of the chromium-based browser you're using and the version number of the artifact is the same as Selenium's.
May 21, 2026 2:20:54 PM org.openqa.selenium.devtools.CdpVersionFinder findNearestMatch
WARNING: Unable to find CDP implementation matching 148
May 21, 2026 2:20:54 PM org.openqa.selenium.chromium.ChromiumDriver lambda$new$5
WARNING: Unable to find version of CDP to use for 148.0.7778.169. You may need to include a dependency on a specific version of the CDP using something similar to `org.seleniumhq.selenium:selenium-devtools-v86:4.25.0` where the version ("v86") matches the version of the chromium-based browser you're using and the version number of the artifact is the same as Selenium's.
May 21, 2026 2:20:54 PM org.openqa.selenium.devtools.CdpVersionFinder findNearestMatch
WARNING: Unable to find CDP implementation matching 148
May 21, 2026 2:20:54 PM org.openqa.selenium.chromium.ChromiumDriver lambda$new$5
WARNING: Unable to find version of CDP to use for 148.0.7778.169. You may need to include a dependency on a specific version of the CDP using something similar to `org.seleniumhq.selenium:selenium-devtools-v86:4.25.0` where the version ("v86") matches the version of the chromium-based browser you're using and the version number of the artifact is the same as Selenium's.
May 21, 2026 2:21:17 PM org.openqa.selenium.devtools.CdpVersionFinder findNearestMatch
WARNING: Unable to find CDP implementation matching 148
May 21, 2026 2:21:17 PM org.openqa.selenium.chromium.ChromiumDriver lambda$new$5
WARNING: Unable to find version of CDP to use for 148.0.7778.169. You may need to include a dependency on a specific version of the CDP using something similar to `org.seleniumhq.selenium:selenium-devtools-v86:4.25.0` where the version ("v86") matches the version of the chromium-based browser you're using and the version number of the artifact is the same as Selenium's.
]]></system-err>
  </testcase>
  <testcase name="createSiteUserFromExcel" classname="com.purebi.User.UserCreate" time="8.909">
    <system-out><![CDATA[STEP 1 — Navigation: Clicking Home logo
Polling Updated On: Updated On : 21-05-2026 13:32:34
Clicked: Home logo
Polling Updated On: Updated On : 21-05-2026 13:32:34
Hovered on PLANT SETTINGS.
Polling Updated On: Updated On : 21-05-2026 13:32:34
Authenticated browser ready for tests on: https://test.pure.bi
Polling Updated On: Updated On : 21-05-2026 13:32:34
Polling Updated On: Updated On : 21-05-2026 13:32:34
Polling Updated On: Updated On : 21-05-2026 13:32:34
Hovered on PLANT SETTINGS again.
Polling Updated On: Updated On : 21-05-2026 13:32:34
Clicked: ADVANCED ALERTS
Clicked ADVANCED ALERTS.
Advanced Alerts page loaded.
STEP 2 — Open Create Alert Modal: Opening create modal
Hovered on PLANT SETTINGS.
Polling Updated On: Updated On : 21-05-2026 13:32:34
Clicked: CREATE NEW ALERT
Create modal visible.
STEP 3 — Select Alert Type
Selecting Parameter Alert type...
Alert Type Option: 'PM Alert'
Alert Type Option: 'Module Alert'
Alert Type Option: 'Parameter Alert'
Alert Type Option: 'AI Alert'
Polling Updated On: Updated On : 21-05-2026 13:32:34
Clicked USER menu.
Pressed ESC to close dropdown.
Selected Alert Type: Parameter Alert
STEP 4 — Enter Alert Name
Entered alert name: Parameter Alert Test
STEP 5 — Select Module
Selected 'RO-3' on By.xpath: //select[@formcontrolname='moduleparam']
Polling Updated On: Updated On : 21-05-2026 13:32:34
Validated selected Module: RO-3
Polling Updated On: Updated On : 21-05-2026 13:32:34
Polling Updated On: Updated On : 21-05-2026 13:32:34
Polling Updated On: Updated On : 21-05-2026 13:32:34
Polling Updated On: Updated On : 21-05-2026 13:32:34
STEP 6 — Select Parameter
Clicked + Add Site User.
Parameter option found: Select Parameter*
Parameter option found: RO-3 I/L Flow rate (O)
Polling Updated On: Updated On : 21-05-2026 13:32:34
Selected Parameter: RO-3 I/L Flow rate (O)
STEP 7 — Select Condition
Condition option found: Conditions*
Condition option found: Greater (>)
Selected Condition: Greater (>)
STEP 8 — Assign To
Selected 'Site Admin' on By.xpath: //select[@formcontrolname='assignto']
STEP 9 — Enter Score
Polling Updated On: Updated On : 21-05-2026 13:32:34
Entered score: 70
STEP 10 — Screenshot Before Save
📸 Screenshot saved: C:\Users\nawaz\OneDrive\Desktop\automation_testing\target\surefire-reports\screenshots\parameter_alert_before_save_20260521_142141.png
Screenshot saved: screenshots/parameter_alert_before_save_20260521_142141.png
STEP 11 — Save Alert
Clicked: Save alert
Clicked Save.
STEP 12 — Validate Creation Toast
Polling Updated On: Updated On : 21-05-2026 13:32:34
Toast: Added successfully visible.
STEP 13 — Reopen Advanced Alerts Page
Polling Updated On: Updated On : 21-05-2026 13:32:34
Toast message: User added successfully.
✅ User added successfully.
Polling Updated On: Updated On : 21-05-2026 13:32:34
Closed Add Site User sidebar.
]]></system-out>
    <system-err><![CDATA[ERROR StatusLogger Log4j2 could not find a logging implementation. Please add log4j-core to the classpath. Using SimpleLogger to log to the console...
]]></system-err>
  </testcase>
  <testcase name="parameterAlertFullFlow" classname="com.purebi.AdvanceAlert.ParameterAlertsTest" time="1.89">
    <system-out><![CDATA[Polling Updated On: Updated On : 21-05-2026 13:32:34
Hovered on PLANT SETTINGS.
Polling Updated On: Updated On : 21-05-2026 13:32:34
Polling Updated On: Updated On : 21-05-2026 13:32:34
Polling Updated On: Updated On : 21-05-2026 13:32:34
Polling Updated On: Updated On : 21-05-2026 13:32:34
Hovered on PLANT SETTINGS again.
Clicked: ADVANCED ALERTS
Clicked ADVANCED ALERTS.
Advanced Alerts page loaded.
STEP 14 — Click Parameter Alert Filter
Polling Updated On: Updated On : 21-05-2026 13:32:34
Clicked: Parameter Alert tab
STEP 15 — Validate Row Exists In AG Grid
Parameter Alert row found in AG Grid.
STEP 16 — Delete Alert
Polling Updated On: Updated On : 21-05-2026 13:32:34
Polling Updated On: Updated On : 21-05-2026 13:32:34
Polling Updated On: Updated On : 21-05-2026 13:32:34
Polling Updated On: Updated On : 21-05-2026 13:32:34
Clicked delete icon for Parameter Alert Test row.
STEP 17 — Delete Confirmation Popup
Clicked: Popup DELETE button
STEP 18 — Validate Delete Toast
Polling Updated On: Updated On : 21-05-2026 13:32:34
STEP 19 — Final Delete Validation
Polling Updated On: Updated On : 21-05-2026 13:32:34
Polling Updated On: Updated On : 21-05-2026 13:32:34
Polling Updated On: Updated On : 21-05-2026 13:32:34
Polling Updated On: Updated On : 21-05-2026 13:32:34
Failed to close sidebar in AfterMethod (both click and JS): no such element: Unable to locate element: {"method":"xpath","selector":"//span[contains(@class,'p-sidebar-close-icon') and contains(@class,'pi-times')]"}
  (Session info: chrome=148.0.7778.169)
For documentation on this error, please visit: https://www.selenium.dev/documentation/webdriver/troubleshooting/errors#no-such-element-exception
Build info: version: '4.25.0', revision: '8a8aea2337'
System info: os.name: 'Windows 11', os.arch: 'amd64', os.version: '10.0', java.version: '25.0.1'
Driver info: org.openqa.selenium.chrome.ChromeDriver
Command: [be2e863c8d3663556b898330ea5ce7ac, findElement {using=xpath, value=//span[contains(@class,'p-sidebar-close-icon') and contains(@class,'pi-times')]}]
Capabilities {acceptInsecureCerts: false, browserName: chrome, browserVersion: 148.0.7778.169, chrome: {chromedriverVersion: 148.0.7778.178 (d096af1c9e9..., userDataDir: C:\Users\nawaz\AppData\Loca...}, fedcm:accounts: true, goog:chromeOptions: {debuggerAddress: localhost:59223}, goog:processID: 3272, networkConnectionEnabled: false, pageLoadStrategy: normal, platformName: windows, proxy: Proxy(), se:cdp: ws://localhost:59223/devtoo..., se:cdpVersion: 148.0.7778.169, setWindowRect: true, strictFileInteractability: false, timeouts: {implicit: 0, pageLoad: 300000, script: 30000}, unhandledPromptBehavior: dismiss and notify, webauthn:extension:credBlob: true, webauthn:extension:largeBlob: true, webauthn:extension:minPinLength: true, webauthn:extension:prf: true, webauthn:virtualAuthenticators: true}
Session ID: be2e863c8d3663556b898330ea5ce7ac
Polling Updated On: Updated On : 21-05-2026 13:32:34
Polling Updated On: Updated On : 21-05-2026 13:32:34
Polling Updated On: Updated On : 21-05-2026 13:32:34
Polling Updated On: Updated On : 21-05-2026 13:32:34
Parameter Alert row deleted successfully
]]></system-out>
  </testcase>
  <testcase name="pmAlertFullFlow" classname="com.purebi.AdvanceAlert.PMAlertsTest" time="14.226">
    <system-out><![CDATA[STEP 1 — Navigation: Clicking Home logo
Polling Updated On: Updated On : 21-05-2026 13:32:34
Hovered on PLANT SETTINGS.
Clicked: Home logo
Polling Updated On: Updated On : 21-05-2026 13:32:34
Clicked USER menu.
Pressed ESC to close dropdown.
Polling Updated On: Updated On : 21-05-2026 13:32:34
Hovered on PLANT SETTINGS.
Polling Updated On: Updated On : 21-05-2026 13:32:34
Polling Updated On: Updated On : 21-05-2026 13:32:34
Polling Updated On: Updated On : 21-05-2026 13:32:34
Polling Updated On: Updated On : 21-05-2026 13:32:34
Hovered on PLANT SETTINGS again.
Clicked ADVANCED ALERTS.
Advanced Alerts page loaded.
STEP 2 — Create PM Alert: Opening create modal
Polling Updated On: Updated On : 21-05-2026 13:32:34
Polling Updated On: Updated On : 21-05-2026 13:32:34
Polling Updated On: Updated On : 21-05-2026 13:32:34
Clicked: CREATE NEW ALERT
Create modal visible.
Selecting PM Alert type...
Alert Type Option: 'PM Alert'
Alert Type Option: 'Module Alert'
Alert Type Option: 'Parameter Alert'
Alert Type Option: 'AI Alert'
Selected Alert Type: PM Alert
Polling Updated On: Updated On : 21-05-2026 13:32:34
Entered alert name: PM Alert Test
Waiting for Equipment dropdown options to load...
Equipment option found: Equipments*
Equipment option found: PI-9019AN
Selected Equipment: PI-9019AN
Polling Updated On: Updated On : 21-05-2026 13:32:34
Selected 'Daily' on By.xpath: //select[@formcontrolname='interval']
Selected 'Site Admin' on By.xpath: //select[@formcontrolname='assignto']
Setting Start Date & Time...
Target datetime: 20-May-2026 14:21
Calendar popup opened
Polling Updated On: Updated On : 21-05-2026 13:32:34
Target day selected
Selected datetime value: 20-05-2026 14:21
Datetime field populated
📸 Screenshot saved: C:\Users\nawaz\OneDrive\Desktop\automation_testing\target\surefire-reports\screenshots\pm_alert_before_save_20260521_142200.png
Screenshot saved: screenshots/pm_alert_before_save_20260521_142200.png
Polling Updated On: Updated On : 21-05-2026 13:32:34
Clicked: Save alert
Clicked Save.
Polling Updated On: Updated On : 21-05-2026 13:32:34
Toast: Added successfully visible.
STEP 4 — Validate Alert Exists: Reopening Advanced Alerts.
Polling Updated On: Updated On : 21-05-2026 13:32:34
Polling Updated On: Updated On : 21-05-2026 13:32:34
Polling Updated On: Updated On : 21-05-2026 13:32:34
Polling Updated On: Updated On : 21-05-2026 13:32:34
Clicked: PM Alert tab
PM Alert row found in AG Grid.
STEP 5 — Delete Alert: Clicking delete icon on row.
Polling Updated On: Updated On : 21-05-2026 13:32:34
Polling Updated On: Updated On : 21-05-2026 13:32:34
Clicked: Delete icon
Clicked: Popup DELETE button
Polling Updated On: Updated On : 21-05-2026 13:32:34
STEP 6 — Validate Deletion: Ensuring row no longer exists.
Polling Updated On: Updated On : 21-05-2026 13:32:34
Polling Updated On: Updated On : 21-05-2026 13:32:34
Polling Updated On: Updated On : 21-05-2026 13:32:34
Polling Updated On: Updated On : 21-05-2026 13:32:34
PM Alert flow completed successfully.
]]></system-out>
  </testcase>
  <testcase name="dashboardRefreshAndNotificationTest" classname="com.purebi.homepage.DashboardRefreshTest" time="42.857">
    <system-out><![CDATA[Polling Updated On: Updated On : 21-05-2026 13:32:34
Polling Updated On: Updated On : 21-05-2026 13:32:34
Polling Updated On: Updated On : 21-05-2026 13:32:34
Polling Updated On: Updated On : 21-05-2026 13:32:34
Polling Updated On: Updated On : 21-05-2026 13:32:34
Polling Updated On: Updated On : 21-05-2026 13:32:34
Polling Updated On: Updated On : 21-05-2026 13:32:34
Polling Updated On: Updated On : 21-05-2026 13:32:34
Polling Updated On: Updated On : 21-05-2026 13:32:34
Polling Updated On: Updated On : 21-05-2026 13:32:34
Polling Updated On: Updated On : 21-05-2026 13:32:34
Polling Updated On: Updated On : 21-05-2026 13:32:34
Polling Updated On: Updated On : 21-05-2026 13:32:34
Polling Updated On: Updated On : 21-05-2026 13:32:34
Polling Updated On: Updated On : 21-05-2026 13:32:34
STEP 3: Read Excel data
Polling Updated On: Updated On : 21-05-2026 13:32:34
STEP 4: Fill form
Dropdown span click failed: Expected condition failed: waiting for element to be clickable: By.xpath: //span[contains(@class,'p-dropdown-trigger-icon') and contains(@class,'pi-chevron-down')] (tried for 20 second(s) with 500 milliseconds interval)
Build info: version: '4.25.0', revision: '8a8aea2337'
System info: os.name: 'Windows 11', os.arch: 'amd64', os.version: '10.0', java.version: '25.0.1'
Driver info: org.openqa.selenium.chrome.ChromeDriver
Capabilities {acceptInsecureCerts: false, browserName: chrome, browserVersion: 148.0.7778.169, chrome: {chromedriverVersion: 148.0.7778.178 (d096af1c9e9..., userDataDir: C:\Users\nawaz\AppData\Loca...}, fedcm:accounts: true, goog:chromeOptions: {debuggerAddress: localhost:59223}, goog:processID: 3272, networkConnectionEnabled: false, pageLoadStrategy: normal, platformName: windows, proxy: Proxy(), se:cdp: ws://localhost:59223/devtoo..., se:cdpVersion: 148.0.7778.169, setWindowRect: true, strictFileInteractability: false, timeouts: {implicit: 0, pageLoad: 300000, script: 30000}, unhandledPromptBehavior: dismiss and notify, webauthn:extension:credBlob: true, webauthn:extension:largeBlob: true, webauthn:extension:minPinLength: true, webauthn:extension:prf: true, webauthn:virtualAuthenticators: true}
Session ID: be2e863c8d3663556b898330ea5ce7ac
Clicked dropdown div trigger.
Polling Updated On: Updated On : 21-05-2026 13:32:34
Polling Updated On: Updated On : 21-05-2026 13:32:34
Polling Updated On: Updated On : 21-05-2026 13:32:34
Polling Updated On: Updated On : 21-05-2026 13:32:34
Polling Updated On: Updated On : 21-05-2026 13:32:34
Polling Updated On: Updated On : 21-05-2026 13:32:34
Polling Updated On: Updated On : 21-05-2026 13:32:34
Polling Updated On: Updated On : 21-05-2026 13:32:34
Polling Updated On: Updated On : 21-05-2026 13:32:34
Polling Updated On: Updated On : 21-05-2026 13:32:34
Polling Updated On: Updated On : 21-05-2026 13:32:34
Polling Updated On: Updated On : 21-05-2026 13:32:34
Polling Updated On: Updated On : 21-05-2026 13:32:34
Polling Updated On: Updated On : 21-05-2026 13:32:34
Polling Updated On: Updated On : 21-05-2026 13:32:34
Polling Updated On: Updated On : 21-05-2026 13:32:34
Overlay not visible after clicking dropdown: Expected condition failed: waiting for visibility of element located by By.xpath: //p-overlay[contains(@class,'p-element')] (tried for 8 second(s) with 500 milliseconds interval)
Build info: version: '4.25.0', revision: '8a8aea2337'
System info: os.name: 'Windows 11', os.arch: 'amd64', os.version: '10.0', java.version: '25.0.1'
Driver info: org.openqa.selenium.chrome.ChromeDriver
Capabilities {acceptInsecureCerts: false, browserName: chrome, browserVersion: 148.0.7778.169, chrome: {chromedriverVersion: 148.0.7778.178 (d096af1c9e9..., userDataDir: C:\Users\nawaz\AppData\Loca...}, fedcm:accounts: true, goog:chromeOptions: {debuggerAddress: localhost:59223}, goog:processID: 3272, networkConnectionEnabled: false, pageLoadStrategy: normal, platformName: windows, proxy: Proxy(), se:cdp: ws://localhost:59223/devtoo..., se:cdpVersion: 148.0.7778.169, setWindowRect: true, strictFileInteractability: false, timeouts: {implicit: 0, pageLoad: 300000, script: 30000}, unhandledPromptBehavior: dismiss and notify, webauthn:extension:credBlob: true, webauthn:extension:largeBlob: true, webauthn:extension:minPinLength: true, webauthn:extension:prf: true, webauthn:virtualAuthenticators: true}
Session ID: be2e863c8d3663556b898330ea5ce7ac
Clicked edit for user using xpath: //tr[td[normalize-space()='jamil0943334@gmail.com']]//button[.//i[contains(@class,'fa-edit')]]
Edit form appeared for user: jamil0943334@gmail.com
Polling Updated On: Updated On : 21-05-2026 13:32:34
Polling Updated On: Updated On : 21-05-2026 13:32:34
Polling Updated On: Updated On : 21-05-2026 13:32:34
Polling Updated On: Updated On : 21-05-2026 13:32:34
Polling Updated On: Updated On : 21-05-2026 13:32:34
Polling Updated On: Updated On : 21-05-2026 13:32:34
Polling Updated On: Updated On : 21-05-2026 13:32:34
Polling Updated On: Updated On : 21-05-2026 13:32:34
Polling Updated On: Updated On : 21-05-2026 13:32:34
Polling Updated On: Updated On : 21-05-2026 13:32:34
Polling Updated On: Updated On : 21-05-2026 13:32:34
Polling Updated On: Updated On : 21-05-2026 13:32:34
STEP 5: Click Next
Wait 10 seconds
Polling Updated On: Updated On : 21-05-2026 13:32:34
Polling Updated On: Updated On : 21-05-2026 13:32:34
Polling Updated On: Updated On : 21-05-2026 13:32:34
Polling Updated On: Updated On : 21-05-2026 13:32:34
Polling Updated On: Updated On : 21-05-2026 13:32:34
Polling Updated On: Updated On : 21-05-2026 13:32:34
Polling Updated On: Updated On : 21-05-2026 13:32:34
Polling Updated On: Updated On : 21-05-2026 13:32:34
Polling Updated On: Updated On : 21-05-2026 13:32:34
Polling Updated On: Updated On : 21-05-2026 14:21:21
Updated time changed after refresh
]]></system-out>
  </testcase>
  <testcase name="opexDashboardChartDataCheck" classname="com.purebi.homepage.OpexDashboardChartTest" time="0.087">
    <system-out><![CDATA[Found list item: Chemicals
]]></system-out>
  </testcase>
  <testcase name="editUserFromExcel" classname="com.purebi.User.EditUserTest" time="10.46">
    <system-out><![CDATA[Icon path navigation success: true
Reset to main view after icon path.
Report Type - Line
STEP 6: Increment channels
STEP 7: Wait for grid cell 4A
STEP 8-10: Safe Modules open and JS drag-drop
Clicked Modules button using Actions
Layout 10 selected successfully
Module panel is visible
DAF found
Image upload failed: Expected condition failed: waiting for presence of element located by: By.xpath: //div[@class='form-group']//input[@id='imageUpload'] (tried for 20 second(s) with 500 milliseconds interval)
✅ User updated successfully.
]]></system-out>
  </testcase>
  <testcase name="opexModuleDashboardNavigationAndValidation" classname="com.purebi.homepage.OpexDashboardTest" time="12.291">
    <system-out><![CDATA[Dragged DAF to 4A using safe target offset
Hovered on PLANT SETTINGS.
Clicked USER menu.
Pressed ESC to close dropdown.
Module successfully dropped in 4A
STEP 11: Close Modules panel
STEP 12: Close overlay before CONFIG click
STEP 12: Click CONFIG button for DAF
Clicked CONFIGURE for DAF
STEP 13: Wait config dialog
Configure popup opened successfully
STEP 14: Enter aliasName
STEP 15: Select dropdowns
STEP 16: Click ADD Parameter
STEP 17: Wait Add Parameter screen
STEP 18: Select first checkbox
Checkbox clicked successfully
STEP 19: Click FINAL Add Parameter button
Clicked correct Add Parameter button
STEP 20: Wait for next page
STEP 21: Click checkbox again
Layout 10 re-selected before Save Dashboard
STEP 22: Click Edit button
STEP 23: Enter value
STEP 24: Save range
STEP 25: Final Save
Menu navigation failed: Expected condition failed: waiting for visibility of element located by By.xpath: //h4[normalize-space()='OPEX Module Reports'] (tried for 20 second(s) with 500 milliseconds interval)
Build info: version: '4.25.0', revision: '8a8aea2337'
System info: os.name: 'Windows 11', os.arch: 'amd64', os.version: '10.0', java.version: '25.0.1'
Driver info: org.openqa.selenium.chrome.ChromeDriver
Capabilities {acceptInsecureCerts: false, browserName: chrome, browserVersion: 148.0.7778.169, chrome: {chromedriverVersion: 148.0.7778.178 (d096af1c9e9..., userDataDir: C:\Users\nawaz\AppData\Loca...}, fedcm:accounts: true, goog:chromeOptions: {debuggerAddress: localhost:52090}, goog:processID: 24872, networkConnectionEnabled: false, pageLoadStrategy: normal, platformName: windows, proxy: Proxy(), se:cdp: ws://localhost:52090/devtoo..., se:cdpVersion: 148.0.7778.169, setWindowRect: true, strictFileInteractability: false, timeouts: {implicit: 0, pageLoad: 300000, script: 30000}, unhandledPromptBehavior: dismiss and notify, webauthn:extension:credBlob: true, webauthn:extension:largeBlob: true, webauthn:extension:minPinLength: true, webauthn:extension:prf: true, webauthn:virtualAuthenticators: true}
Session ID: cec5ee9030182d2cacbc6761d5bcb1d6
📸 Screenshot saved: C:\Users\nawaz\OneDrive\Desktop\automation_testing\target\surefire-reports\screenshots\opex_navigation_fail_20260521_142259.png
Screenshot saved: screenshots/opex_navigation_fail_20260521_142259.png
Menu path navigation success: false
OPEX navigation considered SUCCESS (at least one path succeeded).
Clicked logo at test end to return to main view.
]]></system-out>
  </testcase>
  <testcase name="gaugeEchartCanvasPresenceAfterOpex" classname="com.purebi.homepage.GaugeTest" time="0.631">
    <system-out><![CDATA[Found echart canvas using: By.xpath: //div[@class='col-md-7']//div[@id='echart']//div//canvas
]]></system-out>
  </testcase>
  <testcase name="processDashboardModuleStoreCheck" classname="com.purebi.homepage.ProcessDashboardModuleStoreTest" time="1.189">
    <system-out><![CDATA[Final Save clicked successfully
Parameter configured and saved successfully
STEP 26: WAIT AFTER FIRST SAVE
Clicked process dashboard icon: By.xpath: //img[@routerlink='/dashboard/processdashboard']
Found element: By.xpath: //div[@class='row mt-1 ng-star-inserted']
Clicked home logo after ProcessDashboardModuleStoreTest.
]]></system-out>
  </testcase>
  <testcase name="specialReportPageTest" classname="com.purebi.homepage.SpecialReportPage" time="0.721">
    <system-out><![CDATA[Clicked SPECIAL REPORTS.
✅ Dashboard Report list found.
]]></system-out>
  </testcase>
  <testcase name="specialReportsDashboardCheck" classname="com.purebi.homepage.SpecialReportsDashboardTest" time="0.748">
    <system-out><![CDATA[Clicked SPECIAL REPORTS link.
STEP 27: CLICK CONFIG BUTTON AGAIN
✅ Dashboard Report list present. Test passed.
Returned to Home screen after SpecialReportsDashboardTest.
]]></system-out>
  </testcase>
  <testcase name="userSettingsPresence" classname="com.purebi.homepage.UserTest" time="4.589">
    <system-out><![CDATA[Hovered on PLANT SETTINGS.
Clicked CONFIG again successfully
STEP 29: WAIT FOR CONFIG DIALOG
STEP 30: FINAL SAVE AGAIN
Clicked USER menu.
Pressed ESC to close dropdown.
Second Save flow completed
STEP 31: Click Next button
Site User Settings header visible
]]></system-out>
  </testcase>
  <testcase name="deleteUserByEmail" classname="com.purebi.User.DeleteUserTest" time="17.991">
    <system-out><![CDATA[STEP 32: Click Create New Group
STEP 33: Enter Group Name
STEP 34: Select checkbox for Collection tank
STEP 35: Enter value 100
STEP 36: Select dropdown value = 1
STEP 37: Click Save
STEP 38: Click Next Arrow
STEP 39: Click Submit button (Step 4)
Dropdown span click failed: Expected condition failed: waiting for element to be clickable: By.xpath: //span[contains(@class,'p-dropdown-trigger-icon') and contains(@class,'pi-chevron-down')] (tried for 20 second(s) with 500 milliseconds interval)
Build info: version: '4.25.0', revision: '8a8aea2337'
System info: os.name: 'Windows 11', os.arch: 'amd64', os.version: '10.0', java.version: '25.0.1'
Driver info: org.openqa.selenium.chrome.ChromeDriver
Capabilities {acceptInsecureCerts: false, browserName: chrome, browserVersion: 148.0.7778.169, chrome: {chromedriverVersion: 148.0.7778.178 (d096af1c9e9..., userDataDir: C:\Users\nawaz\AppData\Loca...}, fedcm:accounts: true, goog:chromeOptions: {debuggerAddress: localhost:59223}, goog:processID: 3272, networkConnectionEnabled: false, pageLoadStrategy: normal, platformName: windows, proxy: Proxy(), se:cdp: ws://localhost:59223/devtoo..., se:cdpVersion: 148.0.7778.169, setWindowRect: true, strictFileInteractability: false, timeouts: {implicit: 0, pageLoad: 300000, script: 30000}, unhandledPromptBehavior: dismiss and notify, webauthn:extension:credBlob: true, webauthn:extension:largeBlob: true, webauthn:extension:minPinLength: true, webauthn:extension:prf: true, webauthn:virtualAuthenticators: true}
Session ID: be2e863c8d3663556b898330ea5ce7ac
Clicked dropdown div trigger.
STEP 40: Select Manpower cost checkbox
Report Type - Dot
Overlay not visible after clicking dropdown: Expected condition failed: waiting for visibility of element located by By.xpath: //p-overlay[contains(@class,'p-element')] (tried for 8 second(s) with 500 milliseconds interval)
Build info: version: '4.25.0', revision: '8a8aea2337'
System info: os.name: 'Windows 11', os.arch: 'amd64', os.version: '10.0', java.version: '25.0.1'
Driver info: org.openqa.selenium.chrome.ChromeDriver
Capabilities {acceptInsecureCerts: false, browserName: chrome, browserVersion: 148.0.7778.169, chrome: {chromedriverVersion: 148.0.7778.178 (d096af1c9e9..., userDataDir: C:\Users\nawaz\AppData\Loca...}, fedcm:accounts: true, goog:chromeOptions: {debuggerAddress: localhost:59223}, goog:processID: 3272, networkConnectionEnabled: false, pageLoadStrategy: normal, platformName: windows, proxy: Proxy(), se:cdp: ws://localhost:59223/devtoo..., se:cdpVersion: 148.0.7778.169, setWindowRect: true, strictFileInteractability: false, timeouts: {implicit: 0, pageLoad: 300000, script: 30000}, unhandledPromptBehavior: dismiss and notify, webauthn:extension:credBlob: true, webauthn:extension:largeBlob: true, webauthn:extension:minPinLength: true, webauthn:extension:prf: true, webauthn:virtualAuthenticators: true}
Session ID: be2e863c8d3663556b898330ea5ce7ac
Clicked delete icon for user: jamil0943334@gmail.com
Clicked confirmation Yes button.
STEP 42: Select Internal employee checkbox
✅ User deleted successfully toast found.
]]></system-out>
  </testcase>
  <testcase name="plantSettingsTest" classname="com.purebi.PlantSettings.PlantSettingsTest" time="113.893">
    <system-out><![CDATA[Layout 10 selected successfully
STEP 43: Click edit button
STEP 44: Fill details
STEP 45: Save row
STEP 46: Next step
STEP 47: Final Save
STEP 48: Wait for Home button and click
Report Type - Bar Label
Layout 10 selected successfully
Layout 10 re-selected before Save Dashboard
Report Type - Line Label
Layout 10 selected successfully
Layout 10 re-selected before Save Dashboard
TEST PASS ✅ - Site Configuration Saved
]]></system-out>
  </testcase>
  <testcase name="revertPlantSettings" classname="com.purebi.PlantSettings.RevertPlantSettingsTest" time="176.458">
    <system-out><![CDATA[STEP 1: Navigate
Report Type - Table
Layout 10 selected successfully
Layout 10 re-selected before Save Dashboard
✅ Table Report is NOT Empty – PASS
Report Type - Numeric
Layout 10 selected successfully
STEP 2: Read Excel
STEP 3: Validation
STEP 4: Revert Data
Report Type - Gauge
STEP 5: Next
Layout 10 selected successfully
STEP 6: Delete Module
STEP 7: Decrease Channel
STEP 8: Delete Group
STEP 9: Click Next (TOP button)
Layout 10 re-selected before Save Dashboard
STEP 10: Click arrow forward (Site Score -> Open Opex)
STEP 11: Click arrow forward again (enter Open Opex page)
STEP 12: Verify Open Opex page
STEP 13: Manpower Cost
STEP 14: Click Internal employee edit
STEP 15: Update Fields
STEP 12: Checkbox Handling
STEP 13: Final Save
STEP 14: Home Button
STEP 15: Notification Validation
Report Type - Pie
Layout 10 selected successfully
Layout 10 re-selected before Save Dashboard
Report Type - Donut
Layout 10 selected successfully
Layout 10 re-selected before Save Dashboard
TEST PASS - Revert Successful
STEP 15.5: Clear Notifications
STEP 16: Close Notification
]]></system-out>
  </testcase>
  <testcase name="lifecycleAllReports" classname="com.purebi.SpecialReports.SpecialReportsTest" time="258.104">
    <system-out><![CDATA[Report Type - Box
Layout 10 selected successfully
Report Type - Text
Layout 10 selected successfully
Layout 10 re-selected before Save Dashboard
Text Report Content Found: Testing the text report type
]]></system-out>
  </testcase>
</testsuite>