<?xml version="1.0" encoding="UTF-8"?>
<testsuite xmlns:xsi="http://www.w3.org/2001/XMLSchema-instance" xsi:noNamespaceSchemaLocation="https://maven.apache.org/surefire/maven-surefire-plugin/xsd/surefire-test-report-3.0.xsd" version="3.0" name="com.purebi.homepage.LoginTest" time="32.29" tests="1" errors="0" skipped="0" failures="0">
  <properties>
[...]
</properties>
  <testcase name="loginTest" classname="com.purebi.homepage.LoginTest" time="5.633">
    <system-out><![CDATA[Running tests on: https://test.pure.bi | headless=false
✅ Login successful. PLANT SETTINGS is visible.
]]></system-out>
    <system-err><![CDATA[[main] INFO io.github.bonigarcia.wdm.WebDriverManager - Using chromedriver 148.0.7778.178 (resolved driver for Chrome 148)
[main] INFO io.github.bonigarcia.wdm.WebDriverManager - Exporting webdriver.chrome.driver as C:\Users\nawaz\.cache\selenium\chromedriver\win64\148.0.7778.178\chromedriver.exe
]]></system-err>
  </testcase>
</testsuite>