<?xml version="1.0" encoding="UTF-8"?>
<!-- Generated by org.testng.reporters.JUnitReportReporter -->
<testsuite hostname="tester" failures="0" tests="1" name="com.purebi.homepage.OpexDashboardChartTest" time="0.057" errors="0" timestamp="2026-06-08T11:06:45 IST" skipped="0">
  <testcase classname="com.purebi.homepage.OpexDashboardChartTest" name="opexDashboardChartDataCheck" time="0.057">
    <system-out>
      <![CDATA[Found list item: Chemicals]]>
    </system-out>
  </testcase> <!-- opexDashboardChartDataCheck -->
  <system-out>
    <![CDATA[✅ Login successful. PLANT SETTINGS is visible.
Login succeeded — tests will run.
<br><b>Report Type - Bar</b><br>
Old Updated On text: Updated On : 08-06-2026 10:40:28
STEP 1 — Navigation: Clicking Home logo
Clicked dashboard Refresh button.
Polling Updated On: Updated On : 08-06-2026 10:40:28
Clicked: Home logo
Polling Updated On: Updated On : 08-06-2026 10:40:28
Polling Updated On: Updated On : 08-06-2026 10:40:28
Hovered on PLANT SETTINGS.
Polling Updated On: Updated On : 08-06-2026 10:40:28
Polling Updated On: Updated On : 08-06-2026 10:40:28
Polling Updated On: Updated On : 08-06-2026 10:40:28
Hovered on PLANT SETTINGS again.
Polling Updated On: Updated On : 08-06-2026 10:40:28
Clicked ADVANCED ALERTS.
Polling Updated On: Updated On : 08-06-2026 10:40:28
Polling Updated On: Updated On : 08-06-2026 10:40:28
Advanced Alerts page loaded.
STEP 2 — Create Module Alert: Opening create modal
Polling Updated On: Updated On : 08-06-2026 10:40:28
Polling Updated On: Updated On : 08-06-2026 10:40:28
Polling Updated On: Updated On : 08-06-2026 10:40:28
Clicked: CREATE NEW ALERT
Create modal visible.
Selecting Module Alert type...
Alert Type Option: 'PM Alert'
Alert Type Option: 'Module Alert'
Alert Type Option: 'Parameter Alert'
Alert Type Option: 'AI Alert'
Polling Updated On: Updated On : 08-06-2026 10:40:28
Selected Alert Type: Module Alert
Polling Updated On: Updated On : 08-06-2026 10:40:28
Entered alert name: Module Alert Test
Selected 'RO-3' on By.xpath: //select[@formcontrolname='module']
Polling Updated On: Updated On : 08-06-2026 10:40:28
Selected 'Greater (>)' on By.xpath: //select[@formcontrolname='conditions']
Polling Updated On: Updated On : 08-06-2026 10:40:28
Selected 'Site Admin' on By.xpath: //select[@formcontrolname='assignto']
Entered score: 70
Polling Updated On: Updated On : 08-06-2026 10:40:28
Screenshot saved: screenshots/module_alert_before_save_20260608_105716.png
Clicked: Save alert
Clicked Save.
Polling Updated On: Updated On : 08-06-2026 10:40:28
Toast: Added successfully visible.
STEP 11 — Validate Alert Exists: Reopening Advanced Alerts.
Polling Updated On: Updated On : 08-06-2026 10:40:28
Polling Updated On: Updated On : 08-06-2026 10:40:28
Polling Updated On: Updated On : 08-06-2026 10:40:28
Polling Updated On: Updated On : 08-06-2026 10:40:28
Polling Updated On: Updated On : 08-06-2026 10:40:28
Clicked: Module Alert tab
Module Alert row found in AG Grid.
STEP 12 — Delete Alert: Clicking delete icon on row.
Polling Updated On: Updated On : 08-06-2026 10:40:28
Polling Updated On: Updated On : 08-06-2026 10:40:28
Clicked: Delete icon
Polling Updated On: Updated On : 08-06-2026 10:40:28
Clicked: Popup DELETE button
Polling Updated On: Updated On : 08-06-2026 10:40:28
STEP 15 — Validate Deletion: Ensuring row no longer exists.
Polling Updated On: Updated On : 08-06-2026 10:40:28
Polling Updated On: Updated On : 08-06-2026 10:40:28
Polling Updated On: Updated On : 08-06-2026 10:40:28
Polling Updated On: Updated On : 08-06-2026 10:40:28
Module Alert flow completed successfully.
STEP 1 — Navigation: Clicking Home logo
Polling Updated On: Updated On : 08-06-2026 10:40:28
Polling Updated On: Updated On : 08-06-2026 10:40:28
Clicked: Home logo
Polling Updated On: Updated On : 08-06-2026 10:40:28
Polling Updated On: Updated On : 08-06-2026 10:40:28
Hovered on PLANT SETTINGS.
Polling Updated On: Updated On : 08-06-2026 10:40:28
Polling Updated On: Updated On : 08-06-2026 10:40:28
Polling Updated On: Updated On : 08-06-2026 10:40:28
Hovered on PLANT SETTINGS.
Polling Updated On: Updated On : 08-06-2026 10:40:28
Hovered on PLANT SETTINGS again.
Clicked: ADVANCED ALERTS
Clicked ADVANCED ALERTS.
Advanced Alerts page loaded.
STEP 2 — Open Create Alert Modal: Opening create modal
Polling Updated On: Updated On : 08-06-2026 10:40:28
Clicked USER menu.
Pressed ESC to close dropdown.
Polling Updated On: Updated On : 08-06-2026 10:40:28
Clicked: CREATE NEW ALERT
Create modal visible.
STEP 3 — Select Alert Type
Selecting Parameter Alert type...
Alert Type Option: 'PM Alert'
Alert Type Option: 'Module Alert'
Alert Type Option: 'Parameter Alert'
Alert Type Option: 'AI Alert'
Polling Updated On: Updated On : 08-06-2026 10:40:28
Selected Alert Type: Parameter Alert
STEP 4 — Enter Alert Name
Entered alert name: Parameter Alert Test
STEP 5 — Select Module
Selected 'RO-3' on By.xpath: //select[@formcontrolname='moduleparam']
Polling Updated On: Updated On : 08-06-2026 10:40:28
Validated selected Module: RO-3
Polling Updated On: Updated On : 08-06-2026 10:40:28
Polling Updated On: Updated On : 08-06-2026 10:40:28
Polling Updated On: Updated On : 08-06-2026 10:40:28
Polling Updated On: Updated On : 08-06-2026 10:40:28
STEP 6 — Select Parameter
Parameter option found: Select Parameter*
Parameter option found: RO-3 I/L Flow rate (O)
Selected Parameter: RO-3 I/L Flow rate (O)
STEP 7 — Select Condition
Polling Updated On: Updated On : 08-06-2026 10:40:28
Condition option found: Conditions*
Condition option found: Greater (>)
Selected Condition: Greater (>)
STEP 8 — Assign To
Polling Updated On: Updated On : 08-06-2026 10:40:28
Selected 'Site Admin' on By.xpath: //select[@formcontrolname='assignto']
STEP 9 — Enter Score
Entered score: 70
STEP 10 — Screenshot Before Save
Polling Updated On: Updated On : 08-06-2026 10:40:28
Screenshot saved: screenshots/parameter_alert_before_save_20260608_105735.png
STEP 11 — Save Alert
Clicked: Save alert
Clicked Save.
STEP 12 — Validate Creation Toast
Polling Updated On: Updated On : 08-06-2026 10:40:28
Toast: Added successfully visible.
STEP 13 — Reopen Advanced Alerts Page
Polling Updated On: Updated On : 08-06-2026 10:40:28
Polling Updated On: Updated On : 08-06-2026 10:40:28
Polling Updated On: Updated On : 08-06-2026 10:40:28
Hovered on PLANT SETTINGS.
Polling Updated On: Updated On : 08-06-2026 10:40:28
Polling Updated On: Updated On : 08-06-2026 10:40:28
Polling Updated On: Updated On : 08-06-2026 10:40:28
Polling Updated On: Updated On : 08-06-2026 10:40:28
Hovered on PLANT SETTINGS again.
Clicked: ADVANCED ALERTS
Clicked ADVANCED ALERTS.
Advanced Alerts page loaded.
STEP 14 — Click Parameter Alert Filter
Polling Updated On: Updated On : 08-06-2026 10:40:28
Polling Updated On: Updated On : 08-06-2026 10:40:28
Clicked: Parameter Alert tab
STEP 15 — Validate Row Exists In AG Grid
Parameter Alert row found in AG Grid.
STEP 16 — Delete Alert
Polling Updated On: Updated On : 08-06-2026 10:40:28
Polling Updated On: Updated On : 08-06-2026 10:40:28
Polling Updated On: Updated On : 08-06-2026 10:40:28
Polling Updated On: Updated On : 08-06-2026 10:40:28
Clicked delete icon for Parameter Alert Test row.
STEP 17 — Delete Confirmation Popup
Clicked: Popup DELETE button
STEP 18 — Validate Delete Toast
Polling Updated On: Updated On : 08-06-2026 10:40:28
STEP 19 — Final Delete Validation
Polling Updated On: Updated On : 08-06-2026 10:40:28
Polling Updated On: Updated On : 08-06-2026 10:40:28
Polling Updated On: Updated On : 08-06-2026 10:40:28
Polling Updated On: Updated On : 08-06-2026 10:40:28
Polling Updated On: Updated On : 08-06-2026 10:40:28
Polling Updated On: Updated On : 08-06-2026 10:40:28
Polling Updated On: Updated On : 08-06-2026 10:40:28
Polling Updated On: Updated On : 08-06-2026 10:40:28
Parameter Alert row deleted successfully
STEP 1 — Navigation: Clicking Home logo
Polling Updated On: Updated On : 08-06-2026 10:40:28
Clicked: Home logo
Polling Updated On: Updated On : 08-06-2026 10:40:28
Polling Updated On: Updated On : 08-06-2026 10:40:28
Hovered on PLANT SETTINGS.
Polling Updated On: Updated On : 08-06-2026 10:40:28
Polling Updated On: Updated On : 08-06-2026 10:40:28
Polling Updated On: Updated On : 08-06-2026 10:40:28
Polling Updated On: Updated On : 08-06-2026 10:40:28
Hovered on PLANT SETTINGS again.
Clicked ADVANCED ALERTS.
Polling Updated On: Updated On : 08-06-2026 10:40:28
Advanced Alerts page loaded.
STEP 2 — Create PM Alert: Opening create modal
Polling Updated On: Updated On : 08-06-2026 10:40:28
Polling Updated On: Updated On : 08-06-2026 10:40:28
Clicked: CREATE NEW ALERT
Exception in UserCreate: Expected condition failed: waiting for visibility of element found by By.xpath: //a[normalize-space()='+ Add Site User'], but... org.openqa.selenium.NoSuchElementException: no such element: Unable to locate element: {"method":"xpath","selector":"//a[normalize-space()='+ Add Site User']"}.
(tried for 20 seconds with 500 milliseconds interval)
Build info: version: '4.44.0', revision: 'da2039b'
System info: os.name: 'Windows 11', os.arch: 'amd64', os.version: '10.0', java.version: '25.0.1'
Driver info: org.openqa.selenium.chrome.ChromeDriver
Capabilities {acceptInsecureCerts: false, browserName: chrome, browserVersion: 148.0.7778.217, chrome: {chromedriverVersion: 148.0.7778.178 (d096af1c9e9..., userDataDir: C:\Users\nawaz\AppData\Loca...}, fedcm:accounts: true, goog:chromeOptions: {debuggerAddress: localhost:62944}, goog:processID: 21832, networkConnectionEnabled: false, pageLoadStrategy: normal, platformName: windows, proxy: Proxy(), se:cdp: ws://localhost:62944/devtoo..., se:cdpVersion: 148.0.7778.217, setWindowRect: true, strictFileInteractability: false, timeouts: {implicit: 0, pageLoad: 300000, script: 30000}, unhandledPromptBehavior: dismiss and notify, webauthn:extension:credBlob: true, webauthn:extension:largeBlob: true, webauthn:extension:minPinLength: true, webauthn:extension:prf: true, webauthn:virtualAuthenticators: true}
Session ID: d395dc68a198aa4b21dd220684d7be15
Create modal visible.
Selecting PM Alert type...
Screenshot saved: screenshots/user_create_exception_20260608_105753.png
Alert Type Option: 'PM Alert'
Alert Type Option: 'Module Alert'
Alert Type Option: 'Parameter Alert'
Alert Type Option: 'AI Alert'
Polling Updated On: Updated On : 08-06-2026 10:40:28
Selected Alert Type: PM Alert
Entered alert name: PM Alert Test
Waiting for Equipment dropdown options to load...
Equipment option found: Equipments*
Equipment option found: PI-9019AN
Polling Updated On: Updated On : 08-06-2026 10:40:28
Selected Equipment: PI-9019AN
Selected 'Daily' on By.xpath: //select[@formcontrolname='interval']
Selected 'Site Admin' on By.xpath: //select[@formcontrolname='assignto']
Setting Start Date & Time...
Target datetime: 07-Jun-2026 10:57
Polling Updated On: Updated On : 08-06-2026 10:40:28
Calendar popup opened
Target day selected
Selected datetime value: 07-06-2026 10:57
Datetime field populated
Polling Updated On: Updated On : 08-06-2026 10:40:28
Screenshot saved: screenshots/pm_alert_before_save_20260608_105755.png
Polling Updated On: Updated On : 08-06-2026 10:40:28
Clicked: Save alert
Clicked Save.
Polling Updated On: Updated On : 08-06-2026 10:40:28
Toast: Added successfully visible.
STEP 4 — Validate Alert Exists: Reopening Advanced Alerts.
Polling Updated On: Updated On : 08-06-2026 10:40:28
Polling Updated On: Updated On : 08-06-2026 10:40:28
Polling Updated On: Updated On : 08-06-2026 10:40:28
Polling Updated On: Updated On : 08-06-2026 10:40:28
Clicked: PM Alert tab
Creation PASS: Bar<br>
PM Alert row found in AG Grid.
STEP 5 — Delete Alert: Clicking delete icon on row.
Polling Updated On: Updated On : 08-06-2026 10:40:28
Polling Updated On: Updated On : 08-06-2026 10:40:28
Clicked: Delete icon
Polling Updated On: Updated On : 08-06-2026 10:40:28
Clicked: Popup DELETE button
View PASS: Bar<br>
Polling Updated On: Updated On : 08-06-2026 10:40:28
STEP 6 — Validate Deletion: Ensuring row no longer exists.
Polling Updated On: Updated On : 08-06-2026 10:40:28
Polling Updated On: Updated On : 08-06-2026 10:40:28
Delete PASS: Bar<br><hr>
<br><b>Report Type - Line</b><br>
Polling Updated On: Updated On : 08-06-2026 10:40:28
PM Alert flow completed successfully.
Polling Updated On: Updated On : 08-06-2026 10:40:28
Polling Updated On: Updated On : 08-06-2026 10:40:28
Polling Updated On: Updated On : 08-06-2026 10:40:28
Polling Updated On: Updated On : 08-06-2026 10:40:28
Polling Updated On: Updated On : 08-06-2026 10:40:28
Polling Updated On: Updated On : 08-06-2026 10:40:28
Polling Updated On: Updated On : 08-06-2026 10:57:06
Updated time changed after refresh
Found list item: Chemicals
Icon path navigation success: true
Reset to main view after icon path.
Closed Add Site User sidebar via JS click.
<a href='screenshots/createSiteUserFromExcel_20260608_105813.png'><img src='screenshots/createSiteUserFromExcel_20260608_105813.png' height='200' alt='screenshot'/></a>
<br/><a href='screenshots/createSiteUserFromExcel_20260608_105813.png'>Full screenshot: createSiteUserFromExcel</a>
Failed to close sidebar in AfterMethod (both click and JS): no such element: Unable to locate element: {"method":"xpath","selector":"//span[contains(@class,'p-sidebar-close-icon') and contains(@class,'pi-times')]"}
  (Session info: chrome=148.0.7778.217)
For documentation on this error, please visit: https://www.selenium.dev/documentation/webdriver/troubleshooting/errors#nosuchelementexception
Build info: version: '4.44.0', revision: 'da2039b'
System info: os.name: 'Windows 11', os.arch: 'amd64', os.version: '10.0', java.version: '25.0.1'
Driver info: org.openqa.selenium.chrome.ChromeDriver
Command: [d395dc68a198aa4b21dd220684d7be15, findElement {value=//span[contains(@class,'p-sidebar-close-icon') and contains(@class,'pi-times')], using=xpath}]
Capabilities {acceptInsecureCerts: false, browserName: chrome, browserVersion: 148.0.7778.217, chrome: {chromedriverVersion: 148.0.7778.178 (d096af1c9e9..., userDataDir: C:\Users\nawaz\AppData\Loca...}, fedcm:accounts: true, goog:chromeOptions: {debuggerAddress: localhost:62944}, goog:processID: 21832, networkConnectionEnabled: false, pageLoadStrategy: normal, platformName: windows, proxy: Proxy(), se:cdp: ws://localhost:62944/devtoo..., se:cdpVersion: 148.0.7778.217, setWindowRect: true, strictFileInteractability: false, timeouts: {implicit: 0, pageLoad: 300000, script: 30000}, unhandledPromptBehavior: dismiss and notify, webauthn:extension:credBlob: true, webauthn:extension:largeBlob: true, webauthn:extension:minPinLength: true, webauthn:extension:prf: true, webauthn:virtualAuthenticators: true}
Session ID: d395dc68a198aa4b21dd220684d7be15
Skipping EditUserTest because UserCreate did not pass.
Skipping DeleteUserTest because UserCreate did not pass.
Menu navigation failed: Expected condition failed: waiting for visibility of element found by By.xpath: //h4[normalize-space()='OPEX Module Reports'], but... org.openqa.selenium.NoSuchElementException: no such element: Unable to locate element: {"method":"xpath","selector":"//h4[normalize-space()='OPEX Module Reports']"}.
(tried for 20 seconds with 500 milliseconds interval)
Build info: version: '4.44.0', revision: 'da2039b'
System info: os.name: 'Windows 11', os.arch: 'amd64', os.version: '10.0', java.version: '25.0.1'
Driver info: org.openqa.selenium.chrome.ChromeDriver
Capabilities {acceptInsecureCerts: false, browserName: chrome, browserVersion: 148.0.7778.217, chrome: {chromedriverVersion: 148.0.7778.178 (d096af1c9e9..., userDataDir: C:\Users\nawaz\AppData\Loca...}, fedcm:accounts: true, goog:chromeOptions: {debuggerAddress: localhost:62834}, goog:processID: 14204, networkConnectionEnabled: false, pageLoadStrategy: normal, platformName: windows, proxy: Proxy(), se:cdp: ws://localhost:62834/devtoo..., se:cdpVersion: 148.0.7778.217, setWindowRect: true, strictFileInteractability: false, timeouts: {implicit: 0, pageLoad: 300000, script: 30000}, unhandledPromptBehavior: dismiss and notify, webauthn:extension:credBlob: true, webauthn:extension:largeBlob: true, webauthn:extension:minPinLength: true, webauthn:extension:prf: true, webauthn:virtualAuthenticators: true}
Session ID: 646befca3cf62d9a472bace0736798c1
Screenshot saved: screenshots/opex_navigation_fail_20260608_105828.png
Menu path navigation success: false
OPEX navigation considered SUCCESS (at least one path succeeded).
Clicked logo at test end to return to main view.
Found echart canvas using: By.xpath: //div[@class='col-md-7']//div[@id='echart']//div//canvas
Clicked process dashboard icon: By.xpath: //img[@routerlink='/dashboard/processdashboard']
Found element: By.xpath: //div[@class='row mt-1 ng-star-inserted']
Clicked home logo after ProcessDashboardModuleStoreTest.
Clicked SPECIAL REPORTS.
✅ Dashboard Report list found.
Clicked SPECIAL REPORTS link.
✅ Dashboard Report list present. Test passed.
Returned to Home screen after SpecialReportsDashboardTest.
Hovered on PLANT SETTINGS.
Clicked USER menu.
Pressed ESC to close dropdown.
Site User Settings header visible
Creation PASS: Line<br>
View PASS: Line<br>
Delete PASS: Line<br><hr>
<br><b>Report Type - Dot</b><br>
Creation PASS: Dot<br>
View PASS: Dot<br>
Delete PASS: Dot<br><hr>
<br><b>Report Type - Bar Label</b><br>
Creation PASS: Bar Label<br>
View PASS: Bar Label<br>
Delete PASS: Bar Label<br><hr>
<br><b>Report Type - Line Label</b><br>
Creation PASS: Line Label<br>
View PASS: Line Label<br>
Delete PASS: Line Label<br><hr>
<br><b>Report Type - Table</b><br>
Creation PASS: Table<br>
View PASS: Table<br>
Delete PASS: Table<br><hr>
<br><b>Report Type - Numeric</b><br>
Creation PASS: Numeric<br>
View PASS: Numeric<br>
Delete PASS: Numeric<br><hr>
<br><b>Report Type - Gauge</b><br>
Creation PASS: Gauge<br>
View PASS: Gauge<br>
Delete PASS: Gauge<br><hr>
<br><b>Report Type - Pie</b><br>
Creation PASS: Pie<br>
View PASS: Pie<br>
Delete PASS: Pie<br><hr>
<br><b>Report Type - Donut</b><br>
Creation PASS: Donut<br>
View PASS: Donut<br>
Delete PASS: Donut<br><hr>
<br><b>Report Type - Box</b><br>
Creation PASS: Box<br>
View PASS: Box<br>
Delete PASS: Box<br><hr>
<br><b>Report Type - Text</b><br>
Creation PASS: Text<br>
View PASS: Text<br>
Delete PASS: Text<br><hr>]]>
  </system-out>
</testsuite> <!-- com.purebi.homepage.OpexDashboardChartTest -->
