<?xml version="1.0" encoding="UTF-8"?>
<!-- Generated by org.testng.reporters.JUnitReportReporter -->
<testsuite hostname="tester" failures="0" tests="1" name="com.purebi.homepage.LogoutTest" time="40.286" errors="1" timestamp="2026-05-18T11:22:16 IST" skipped="0">
  <testcase classname="com.purebi.homepage.LogoutTest" name="logoutTest" time="40.286">
    <error message="org.openqa.selenium.TimeoutException: Expected condition failed: waiting for element to be clickable: By.cssSelector: img.avatar[alt=&#039;User avatar&#039;] (tried for 20 second(s) with 500 milliseconds interval)
Build info: version: &#039;4.25.0&#039;, revision: &#039;8a8aea2337&#039;
System info: os.name: &#039;Windows 11&#039;, os.arch: &#039;amd64&#039;, os.version: &#039;10.0&#039;, java.version: &#039;25.0.1&#039;
Driver info: org.openqa.selenium.chrome.ChromeDriver
Capabilities {acceptInsecureCerts: false, browserName: chrome, browserVersion: 148.0.7778.168, chrome: {chromedriverVersion: 148.0.7778.167 (65db666ac2c..., userDataDir: C:\Users\nawaz\AppData\Loca...}, fedcm:accounts: true, goog:chromeOptions: {debuggerAddress: localhost:64069}, goog:processID: 23264, networkConnectionEnabled: false, pageLoadStrategy: normal, platformName: windows, proxy: Proxy(), se:cdp: ws://localhost:64069/devtoo..., se:cdpVersion: 148.0.7778.168, setWindowRect: true, strictFileInteractability: false, timeouts: {implicit: 0, pageLoad: 300000, script: 30000}, unhandledPromptBehavior: dismiss and notify, webauthn:extension:credBlob: true, webauthn:extension:largeBlob: true, webauthn:extension:minPinLength: true, webauthn:extension:prf: true, webauthn:virtualAuthenticators: true}
Session ID: 88b2131fbd591e109697fa052c316c11" type="java.lang.RuntimeException">
      <![CDATA[java.lang.RuntimeException: org.openqa.selenium.TimeoutException: Expected condition failed: waiting for element to be clickable: By.cssSelector: img.avatar[alt='User avatar'] (tried for 20 second(s) with 500 milliseconds interval)
Build info: version: '4.25.0', revision: '8a8aea2337'
System info: os.name: 'Windows 11', os.arch: 'amd64', os.version: '10.0', java.version: '25.0.1'
Driver info: org.openqa.selenium.chrome.ChromeDriver
Capabilities {acceptInsecureCerts: false, browserName: chrome, browserVersion: 148.0.7778.168, chrome: {chromedriverVersion: 148.0.7778.167 (65db666ac2c..., userDataDir: C:\Users\nawaz\AppData\Loca...}, fedcm:accounts: true, goog:chromeOptions: {debuggerAddress: localhost:64069}, goog:processID: 23264, networkConnectionEnabled: false, pageLoadStrategy: normal, platformName: windows, proxy: Proxy(), se:cdp: ws://localhost:64069/devtoo..., se:cdpVersion: 148.0.7778.168, setWindowRect: true, strictFileInteractability: false, timeouts: {implicit: 0, pageLoad: 300000, script: 30000}, unhandledPromptBehavior: dismiss and notify, webauthn:extension:credBlob: true, webauthn:extension:largeBlob: true, webauthn:extension:minPinLength: true, webauthn:extension:prf: true, webauthn:virtualAuthenticators: true}
Session ID: 88b2131fbd591e109697fa052c316c11
at com.purebi.homepage.LogoutTest.logoutTest(LogoutTest.java:49)
at java.base/jdk.internal.reflect.DirectMethodHandleAccessor.invoke(DirectMethodHandleAccessor.java:104)
at java.base/java.lang.reflect.Method.invoke(Method.java:565)
at org.testng.internal.invokers.MethodInvocationHelper.invokeMethod(MethodInvocationHelper.java:141)
at org.testng.internal.invokers.TestInvoker.invokeMethod(TestInvoker.java:686)
at org.testng.internal.invokers.TestInvoker.invokeTestMethod(TestInvoker.java:230)
at org.testng.internal.invokers.MethodRunner.runInSequence(MethodRunner.java:63)
at org.testng.internal.invokers.TestInvoker$MethodInvocationAgent.invoke(TestInvoker.java:992)
at org.testng.internal.invokers.TestInvoker.invokeTestMethods(TestInvoker.java:203)
at org.testng.internal.invokers.TestMethodWorker.invokeTestMethods(TestMethodWorker.java:154)
at org.testng.internal.invokers.TestMethodWorker.run(TestMethodWorker.java:134)
at java.base/java.util.ArrayList.forEach(ArrayList.java:1604)
at org.testng.TestRunner.privateRun(TestRunner.java:739)
at org.testng.TestRunner.run(TestRunner.java:614)
at org.testng.SuiteRunner.runTest(SuiteRunner.java:421)
at org.testng.SuiteRunner.runSequentially(SuiteRunner.java:413)
at org.testng.SuiteRunner.privateRun(SuiteRunner.java:373)
at org.testng.SuiteRunner.run(SuiteRunner.java:312)
at org.testng.SuiteRunnerWorker.runSuite(SuiteRunnerWorker.java:52)
at org.testng.SuiteRunnerWorker.run(SuiteRunnerWorker.java:95)
at org.testng.TestNG.runSuitesSequentially(TestNG.java:1274)
at org.testng.TestNG.runSuitesLocally(TestNG.java:1208)
at org.testng.TestNG.runSuites(TestNG.java:1112)
at org.testng.TestNG.run(TestNG.java:1079)
at org.apache.maven.surefire.testng.TestNGExecutor.run(TestNGExecutor.java:308)
at org.apache.maven.surefire.testng.TestNGXmlTestSuite.execute(TestNGXmlTestSuite.java:71)
at org.apache.maven.surefire.testng.TestNGProvider.invoke(TestNGProvider.java:113)
at org.apache.maven.surefire.booter.ForkedBooter.runSuitesInProcess(ForkedBooter.java:385)
at org.apache.maven.surefire.booter.ForkedBooter.execute(ForkedBooter.java:162)
at org.apache.maven.surefire.booter.ForkedBooter.run(ForkedBooter.java:507)
at org.apache.maven.surefire.booter.ForkedBooter.main(ForkedBooter.java:495)
Caused by: org.openqa.selenium.TimeoutException: Expected condition failed: waiting for element to be clickable: By.cssSelector: img.avatar[alt='User avatar'] (tried for 20 second(s) with 500 milliseconds interval)
Build info: version: '4.25.0', revision: '8a8aea2337'
System info: os.name: 'Windows 11', os.arch: 'amd64', os.version: '10.0', java.version: '25.0.1'
Driver info: org.openqa.selenium.chrome.ChromeDriver
Capabilities {acceptInsecureCerts: false, browserName: chrome, browserVersion: 148.0.7778.168, chrome: {chromedriverVersion: 148.0.7778.167 (65db666ac2c..., userDataDir: C:\Users\nawaz\AppData\Loca...}, fedcm:accounts: true, goog:chromeOptions: {debuggerAddress: localhost:64069}, goog:processID: 23264, networkConnectionEnabled: false, pageLoadStrategy: normal, platformName: windows, proxy: Proxy(), se:cdp: ws://localhost:64069/devtoo..., se:cdpVersion: 148.0.7778.168, setWindowRect: true, strictFileInteractability: false, timeouts: {implicit: 0, pageLoad: 300000, script: 30000}, unhandledPromptBehavior: dismiss and notify, webauthn:extension:credBlob: true, webauthn:extension:largeBlob: true, webauthn:extension:minPinLength: true, webauthn:extension:prf: true, webauthn:virtualAuthenticators: true}
Session ID: 88b2131fbd591e109697fa052c316c11
at org.openqa.selenium.support.ui.WebDriverWait.timeoutException(WebDriverWait.java:84)
at org.openqa.selenium.support.ui.FluentWait.until(FluentWait.java:228)
at com.purebi.homepage.LogoutTest.logoutTest(LogoutTest.java:38)
... 30 more
]]>
    </error>
    <system-out>
      <![CDATA[Waiting for user menu to be ready before logout...
❌ Logout failed: Expected condition failed: waiting for element to be clickable: By.cssSelector: img.avatar[alt='User avatar'] (tried for 20 second(s) with 500 milliseconds interval)
Build info: version: '4.25.0', revision: '8a8aea2337'
System info: os.name: 'Windows 11', os.arch: 'amd64', os.version: '10.0', java.version: '25.0.1'
Driver info: org.openqa.selenium.chrome.ChromeDriver
Capabilities {acceptInsecureCerts: false, browserName: chrome, browserVersion: 148.0.7778.168, chrome: {chromedriverVersion: 148.0.7778.167 (65db666ac2c..., userDataDir: C:\Users\nawaz\AppData\Loca...}, fedcm:accounts: true, goog:chromeOptions: {debuggerAddress: localhost:64069}, goog:processID: 23264, networkConnectionEnabled: false, pageLoadStrategy: normal, platformName: windows, proxy: Proxy(), se:cdp: ws://localhost:64069/devtoo..., se:cdpVersion: 148.0.7778.168, setWindowRect: true, strictFileInteractability: false, timeouts: {implicit: 0, pageLoad: 300000, script: 30000}, unhandledPromptBehavior: dismiss and notify, webauthn:extension:credBlob: true, webauthn:extension:largeBlob: true, webauthn:extension:minPinLength: true, webauthn:extension:prf: true, webauthn:virtualAuthenticators: true}
Session ID: 88b2131fbd591e109697fa052c316c11
<a href='screenshots/logoutTest_20260518_111928.png'><img src='screenshots/logoutTest_20260518_111928.png' height='200' alt='screenshot'/></a>
<br/><a href='screenshots/logoutTest_20260518_111928.png'>Full screenshot: logoutTest</a>]]>
    </system-out>
  </testcase> <!-- logoutTest -->
  <system-out>
    <![CDATA[✅ Login successful. PLANT SETTINGS is visible.
Login succeeded — tests will run.
Old Updated On text: Updated On : 18-05-2026 11:08:51
Clicked dashboard Refresh button.
Polling Updated On: Updated On : 18-05-2026 11:08:51
Polling Updated On: Updated On : 18-05-2026 11:08:51
Polling Updated On: Updated On : 18-05-2026 11:08:51
Polling Updated On: Updated On : 18-05-2026 11:08:51
Polling Updated On: Updated On : 18-05-2026 11:08:51
Polling Updated On: Updated On : 18-05-2026 11:08:51
Polling Updated On: Updated On : 18-05-2026 11:08:51
Polling Updated On: Updated On : 18-05-2026 11:08:51
Polling Updated On: Updated On : 18-05-2026 11:08:51
Polling Updated On: Updated On : 18-05-2026 11:08:51
Polling Updated On: Updated On : 18-05-2026 11:08:51
Polling Updated On: Updated On : 18-05-2026 11:08:51
Polling Updated On: Updated On : 18-05-2026 11:08:51
Polling Updated On: Updated On : 18-05-2026 11:08:51
Polling Updated On: Updated On : 18-05-2026 11:08:51
Polling Updated On: Updated On : 18-05-2026 11:08:51
Polling Updated On: Updated On : 18-05-2026 11:08:51
Polling Updated On: Updated On : 18-05-2026 11:08:51
Polling Updated On: Updated On : 18-05-2026 11:08:51
Polling Updated On: Updated On : 18-05-2026 11:08:51
Polling Updated On: Updated On : 18-05-2026 11:08:51
Polling Updated On: Updated On : 18-05-2026 11:08:51
Polling Updated On: Updated On : 18-05-2026 11:08:51
Polling Updated On: Updated On : 18-05-2026 11:08:51
Polling Updated On: Updated On : 18-05-2026 11:08:51
Polling Updated On: Updated On : 18-05-2026 11:08:51
Polling Updated On: Updated On : 18-05-2026 11:08:51
Polling Updated On: Updated On : 18-05-2026 11:08:51
Polling Updated On: Updated On : 18-05-2026 11:08:51
Polling Updated On: Updated On : 18-05-2026 11:08:51
Polling Updated On: Updated On : 18-05-2026 11:08:51
Polling Updated On: Updated On : 18-05-2026 11:08:51
Polling Updated On: Updated On : 18-05-2026 11:08:51
Polling Updated On: Updated On : 18-05-2026 11:08:51
Polling Updated On: Updated On : 18-05-2026 11:08:51
Polling Updated On: Updated On : 18-05-2026 11:08:51
Polling Updated On: Updated On : 18-05-2026 11:08:51
Polling Updated On: Updated On : 18-05-2026 11:08:51
Polling Updated On: Updated On : 18-05-2026 11:08:51
Polling Updated On: Updated On : 18-05-2026 11:08:51
Polling Updated On: Updated On : 18-05-2026 11:08:51
Polling Updated On: Updated On : 18-05-2026 11:08:51
Polling Updated On: Updated On : 18-05-2026 11:08:51
Polling Updated On: Updated On : 18-05-2026 11:08:51
Polling Updated On: Updated On : 18-05-2026 11:08:51
Polling Updated On: Updated On : 18-05-2026 11:08:51
Polling Updated On: Updated On : 18-05-2026 11:08:51
Polling Updated On: Updated On : 18-05-2026 11:08:51
Polling Updated On: Updated On : 18-05-2026 11:08:51
Polling Updated On: Updated On : 18-05-2026 11:08:51
Polling Updated On: Updated On : 18-05-2026 11:08:51
Polling Updated On: Updated On : 18-05-2026 11:08:51
Polling Updated On: Updated On : 18-05-2026 11:08:51
Polling Updated On: Updated On : 18-05-2026 11:08:51
Polling Updated On: Updated On : 18-05-2026 11:08:51
Polling Updated On: Updated On : 18-05-2026 11:08:51
Polling Updated On: Updated On : 18-05-2026 11:08:51
Polling Updated On: Updated On : 18-05-2026 11:08:51
Polling Updated On: Updated On : 18-05-2026 11:08:51
Polling Updated On: Updated On : 18-05-2026 11:08:51
Polling Updated On: Updated On : 18-05-2026 11:12:52
Updated time changed after refresh
Found list item: Chemicals
Icon path navigation success: true
Reset to main view after icon path.
Menu navigation failed: Expected condition failed: waiting for visibility of element located by By.xpath: //h4[normalize-space()='OPEX Module Reports'] (tried for 20 second(s) with 500 milliseconds interval)
Build info: version: '4.25.0', revision: '8a8aea2337'
System info: os.name: 'Windows 11', os.arch: 'amd64', os.version: '10.0', java.version: '25.0.1'
Driver info: org.openqa.selenium.chrome.ChromeDriver
Capabilities {acceptInsecureCerts: false, browserName: chrome, browserVersion: 148.0.7778.168, chrome: {chromedriverVersion: 148.0.7778.167 (65db666ac2c..., userDataDir: C:\Users\nawaz\AppData\Loca...}, fedcm:accounts: true, goog:chromeOptions: {debuggerAddress: localhost:64069}, goog:processID: 23264, networkConnectionEnabled: false, pageLoadStrategy: normal, platformName: windows, proxy: Proxy(), se:cdp: ws://localhost:64069/devtoo..., se:cdpVersion: 148.0.7778.168, setWindowRect: true, strictFileInteractability: false, timeouts: {implicit: 0, pageLoad: 300000, script: 30000}, unhandledPromptBehavior: dismiss and notify, webauthn:extension:credBlob: true, webauthn:extension:largeBlob: true, webauthn:extension:minPinLength: true, webauthn:extension:prf: true, webauthn:virtualAuthenticators: true}
Session ID: 88b2131fbd591e109697fa052c316c11
Screenshot saved: screenshots/opex_navigation_fail_20260518_111346.png
Menu path navigation success: false
OPEX navigation considered SUCCESS (at least one path succeeded).
Clicked logo at test end to return to main view.
Found echart canvas using: By.xpath: //div[@class='col-md-7']//div[@id='echart']//div//canvas
Clicked process dashboard icon: By.xpath: //img[@routerlink='/dashboard/processdashboard']
Found element: By.xpath: //div[@class='row mt-1 ng-star-inserted']
Clicked home logo after ProcessDashboardModuleStoreTest.
Hovered on PLANT SETTINGS.
Screenshot saved: screenshots/user_settings_missing_20260518_111410.png
<a href='screenshots/userSettingsPresence_20260518_111410.png'><img src='screenshots/userSettingsPresence_20260518_111410.png' height='200' alt='screenshot'/></a>
<br/><a href='screenshots/userSettingsPresence_20260518_111410.png'>Full screenshot: userSettingsPresence</a>
Hovered on PLANT SETTINGS.
Clicked USER menu.
Pressed ESC to close dropdown.
Clicked + Add Site User.
Toast message: Entered email id is already registered
Screenshot saved: screenshots/user_create_toast_unexpected_20260518_111417.png
Closed Add Site User sidebar.
<a href='screenshots/createSiteUserFromExcel_20260518_111417.png'><img src='screenshots/createSiteUserFromExcel_20260518_111417.png' height='200' alt='screenshot'/></a>
<br/><a href='screenshots/createSiteUserFromExcel_20260518_111417.png'>Full screenshot: createSiteUserFromExcel</a>
Failed to close sidebar in AfterMethod (both click and JS): no such element: Unable to locate element: {"method":"xpath","selector":"//span[contains(@class,'p-sidebar-close-icon') and contains(@class,'pi-times')]"}
  (Session info: chrome=148.0.7778.168)
For documentation on this error, please visit: https://www.selenium.dev/documentation/webdriver/troubleshooting/errors#no-such-element-exception
Build info: version: '4.25.0', revision: '8a8aea2337'
System info: os.name: 'Windows 11', os.arch: 'amd64', os.version: '10.0', java.version: '25.0.1'
Driver info: org.openqa.selenium.chrome.ChromeDriver
Command: [88b2131fbd591e109697fa052c316c11, findElement {using=xpath, value=//span[contains(@class,'p-sidebar-close-icon') and contains(@class,'pi-times')]}]
Capabilities {acceptInsecureCerts: false, browserName: chrome, browserVersion: 148.0.7778.168, chrome: {chromedriverVersion: 148.0.7778.167 (65db666ac2c..., userDataDir: C:\Users\nawaz\AppData\Loca...}, fedcm:accounts: true, goog:chromeOptions: {debuggerAddress: localhost:64069}, goog:processID: 23264, networkConnectionEnabled: false, pageLoadStrategy: normal, platformName: windows, proxy: Proxy(), se:cdp: ws://localhost:64069/devtoo..., se:cdpVersion: 148.0.7778.168, setWindowRect: true, strictFileInteractability: false, timeouts: {implicit: 0, pageLoad: 300000, script: 30000}, unhandledPromptBehavior: dismiss and notify, webauthn:extension:credBlob: true, webauthn:extension:largeBlob: true, webauthn:extension:minPinLength: true, webauthn:extension:prf: true, webauthn:virtualAuthenticators: true}
Session ID: 88b2131fbd591e109697fa052c316c11
Skipping EditUserTest because UserCreate did not pass.
Skipping DeleteUserTest because UserCreate did not pass.
Clicked SPECIAL REPORTS.
✅ Dashboard Report list found.
Clicked SPECIAL REPORTS link.
✅ Dashboard Report list present. Test passed.
Returned to Home screen after SpecialReportsDashboardTest.
STEP 1 — Navigation: Clicking Home logo
Clicked: Home logo
Hovered on PLANT SETTINGS.
Hovered on PLANT SETTINGS again.
Clicked ADVANCED ALERTS.
Advanced Alerts page loaded.
STEP 2 — Create PM Alert: Opening create modal
Clicked: CREATE NEW ALERT
Create modal visible.
Selecting PM Alert type...
Alert Type Option: 'PM Alert'
Alert Type Option: 'Module Alert'
Alert Type Option: 'Parameter Alert'
Alert Type Option: 'AI Alert'
Selected Alert Type: PM Alert
Entered alert name: PM Alert Test
Waiting for Equipment dropdown options to load...
Equipment option found: Equipments*
Equipment option found: PI-9019AN
Selected Equipment: PI-9019AN
Selected 'Daily' on By.xpath: //select[@formcontrolname='interval']
Selected 'Site Admin' on By.xpath: //select[@formcontrolname='assignto']
Setting Start Date & Time...
Target datetime: 17-May-2026 11:18
Calendar popup opened
Target day selected
Selected datetime value: 17-05-2026 11:18
Datetime field populated
Screenshot saved: screenshots/pm_alert_before_save_20260518_111811.png
Clicked: Save alert
Clicked Save.
Toast: Added successfully visible.
STEP 4 — Validate Alert Exists: Reopening Advanced Alerts.
Clicked: PM Alert tab
PM Alert row found in AG Grid.
STEP 5 — Delete Alert: Clicking delete icon on row.
Clicked: Delete icon
Clicked: Popup DELETE button
STEP 6 — Validate Deletion: Ensuring row no longer exists.
PM Alert flow completed successfully.
STEP 1 — Navigation: Clicking Home logo
Clicked: Home logo
Hovered on PLANT SETTINGS.
Hovered on PLANT SETTINGS again.
Clicked ADVANCED ALERTS.
Advanced Alerts page loaded.
STEP 2 — Create Module Alert: Opening create modal
Clicked: CREATE NEW ALERT
Create modal visible.
Selecting Module Alert type...
Alert Type Option: 'PM Alert'
Alert Type Option: 'Module Alert'
Alert Type Option: 'Parameter Alert'
Alert Type Option: 'AI Alert'
Selected Alert Type: Module Alert
Entered alert name: Module Alert Test
Selected 'RO-3' on By.xpath: //select[@formcontrolname='module']
Selected 'Greater (>)' on By.xpath: //select[@formcontrolname='conditions']
Selected 'Site Admin' on By.xpath: //select[@formcontrolname='assignto']
Entered score: 70
Screenshot saved: screenshots/module_alert_before_save_20260518_111823.png
Clicked: Save alert
Clicked Save.
Toast: Added successfully visible.
STEP 11 — Validate Alert Exists: Reopening Advanced Alerts.
Clicked: Module Alert tab
Module Alert row found in AG Grid.
STEP 12 — Delete Alert: Clicking delete icon on row.
Clicked: Delete icon
Clicked: Popup DELETE button
STEP 15 — Validate Deletion: Ensuring row no longer exists.
Module Alert flow completed successfully.
STEP 1 — Navigation: Clicking Home logo
Clicked: Home logo
Hovered on PLANT SETTINGS.
Hovered on PLANT SETTINGS again.
Clicked: ADVANCED ALERTS
Clicked ADVANCED ALERTS.
Advanced Alerts page loaded.
STEP 2 — Open Create Alert Modal: Opening create modal
Clicked: CREATE NEW ALERT
Create modal visible.
STEP 3 — Select Alert Type
Selecting Parameter Alert type...
Selected Alert Type: Parameter Alert
STEP 4 — Enter Alert Name
Entered alert name: Parameter Alert Test
STEP 5 — Select Module
Selected 'RO-3' on By.xpath: //select[@formcontrolname='moduleparam']
Validated selected Module: RO-3
STEP 6 — Select Parameter
Parameter option found: Select Parameter*
Parameter option found: RO-3 I/L Flow rate (O)
Selected Parameter: RO-3 I/L Flow rate (O)
STEP 7 — Select Condition
Condition option found: Conditions*
Condition option found: Greater (>)
Selected Condition: Greater (>)
STEP 8 — Assign To
Selected 'Site Admin' on By.xpath: //select[@formcontrolname='assignto']
STEP 9 — Enter Score
Entered score: 70
STEP 10 — Screenshot Before Save
Screenshot saved: screenshots/parameter_alert_before_save_20260518_111837.png
STEP 11 — Save Alert
Clicked: Save alert
Clicked Save.
STEP 12 — Validate Creation Toast
Toast: Added successfully visible.
STEP 13 — Reopen Advanced Alerts Page
Hovered on PLANT SETTINGS.
Hovered on PLANT SETTINGS again.
Clicked: ADVANCED ALERTS
Clicked ADVANCED ALERTS.
Advanced Alerts page loaded.
STEP 14 — Click Parameter Alert Filter
Clicked: Parameter Alert tab
STEP 15 — Validate Row Exists In AG Grid
Parameter Alert row found in AG Grid.
STEP 16 — Delete Alert
Clicked delete icon for Parameter Alert Test row.
STEP 17 — Delete Confirmation Popup
Clicked: Popup DELETE button
STEP 18 — Validate Delete Toast
STEP 19 — Final Delete Validation
Parameter Alert row deleted successfully
Waiting 20 seconds before executing LogoutTest...
Waiting for user menu to be ready before logout...
❌ Logout failed: Expected condition failed: waiting for element to be clickable: By.cssSelector: img.avatar[alt='User avatar'] (tried for 20 second(s) with 500 milliseconds interval)
Build info: version: '4.25.0', revision: '8a8aea2337'
System info: os.name: 'Windows 11', os.arch: 'amd64', os.version: '10.0', java.version: '25.0.1'
Driver info: org.openqa.selenium.chrome.ChromeDriver
Capabilities {acceptInsecureCerts: false, browserName: chrome, browserVersion: 148.0.7778.168, chrome: {chromedriverVersion: 148.0.7778.167 (65db666ac2c..., userDataDir: C:\Users\nawaz\AppData\Loca...}, fedcm:accounts: true, goog:chromeOptions: {debuggerAddress: localhost:64069}, goog:processID: 23264, networkConnectionEnabled: false, pageLoadStrategy: normal, platformName: windows, proxy: Proxy(), se:cdp: ws://localhost:64069/devtoo..., se:cdpVersion: 148.0.7778.168, setWindowRect: true, strictFileInteractability: false, timeouts: {implicit: 0, pageLoad: 300000, script: 30000}, unhandledPromptBehavior: dismiss and notify, webauthn:extension:credBlob: true, webauthn:extension:largeBlob: true, webauthn:extension:minPinLength: true, webauthn:extension:prf: true, webauthn:virtualAuthenticators: true}
Session ID: 88b2131fbd591e109697fa052c316c11
<a href='screenshots/logoutTest_20260518_111928.png'><img src='screenshots/logoutTest_20260518_111928.png' height='200' alt='screenshot'/></a>
<br/><a href='screenshots/logoutTest_20260518_111928.png'>Full screenshot: logoutTest</a>]]>
  </system-out>
</testsuite> <!-- com.purebi.homepage.LogoutTest -->
